#
# A fatal error has been detected by the Java Runtime Environment:
#
#  EXCEPTION_ACCESS_VIOLATION (0xc0000005) at pc=0x77ce1ffe, pid=6632, tid=0x000012b4
#
# JRE version: Java(TM) SE Runtime Environment (8.0_144-b01) (build 1.8.0_144-b01)
# Java VM: Java HotSpot(TM) Client VM (25.144-b01 mixed mode windows-x86 )
# Problematic frame:
# C  [ntdll.dll+0x51ffe]
#
# Failed to write core dump. Minidumps are not enabled by default on client versions of Windows
#
# If you would like to submit a bug report, please visit:
#   http://bugreport.java.com/bugreport/crash.jsp
# The crash happened outside the Java Virtual Machine in native code.
# See problematic frame for where to report the bug.
#

---------------  T H R E A D  ---------------

Current thread (0x00d5e800):  JavaThread "AWT-EventQueue-0" [_thread_in_native, id=4788, stack(0x01f70000,0x01fc0000)]

siginfo: ExceptionCode=0xc0000005, reading address 0x14ef2564

Registers:
EAX=0x5d697207, EBX=0x00c17f70, ECX=0x00310000, EDX=0x00c17f70
ESP=0x01fbe500, EBP=0x01fbe534, ESI=0x14ef2560, EDI=0x00c17f68
EIP=0x77ce1ffe, EFLAGS=0x00010206

Top of Stack: (sp=0x01fbe500)
0x01fbe500:   00000000 00310000 00c17f70 00000010
0x01fbe510:   00000000 00000000 00000000 00000000
0x01fbe520:   0000040c 01fbe588 76a8ca03 00000000
0x01fbe530:   00c17f68 01fbe54c 77ce1faf 00c17f70
0x01fbe540:   00000000 00c17f70 00c17f68 01fbe598
0x01fbe550:   763898cd 00310000 00000000 00c17f70
0x01fbe560:   3554294a 00000000 00d5e940 00c17f70
0x01fbe570:   01fbe540 041d66c0 01fbed48 76ae9332 

Instructions: (pc=0x77ce1ffe)
0x77ce1fde:   7a f8 80 7f 07 05 0f 84 58 df 03 00 8b 07 8b f7
0x77ce1fee:   c1 ee 03 33 f0 33 35 dc 71 d6 77 89 7d fc 33 f1
0x77ce1ffe:   8b 46 04 89 45 f4 c6 47 07 80 c6 47 06 00 8b 5e
0x77ce200e:   08 8b 4e 0c 89 5d e0 83 c3 01 89 4d e4 83 d1 01 


Register to memory mapping:

EAX=0x5d697207 is an unknown value
EBX=0x00c17f70 is an unknown value
ECX=0x00310000 is an unknown value
EDX=0x00c17f70 is an unknown value
ESP=0x01fbe500 is pointing into the stack for thread: 0x00d5e800
EBP=0x01fbe534 is pointing into the stack for thread: 0x00d5e800
ESI=0x14ef2560 is an unknown value
EDI=0x00c17f68 is an unknown value


Stack: [0x01f70000,0x01fc0000],  sp=0x01fbe500,  free space=313k
Native frames: (J=compiled Java code, j=interpreted, Vv=VM code, C=native code)
C  [ntdll.dll+0x51ffe]
C  [ntdll.dll+0x51faf]
C  [msvcrt.dll+0x98cd]
C  [jRegistryKey.dll+0x2fa0]
j  ca.beq.util.win32.registry.RegistryKey.setValue(Lca/beq/util/win32/registry/RegistryValue;)V+0
j  javaapplication9.BackupRestore.jButton3ActionPerformed(Ljava/awt/event/ActionEvent;)V+41
j  javaapplication9.BackupRestore.access$000(Ljavaapplication9/BackupRestore;Ljava/awt/event/ActionEvent;)V+2
j  javaapplication9.BackupRestore$1.actionPerformed(Ljava/awt/event/ActionEvent;)V+5
j  javax.swing.AbstractButton.fireActionPerformed(Ljava/awt/event/ActionEvent;)V+83
j  javax.swing.AbstractButton$Handler.actionPerformed(Ljava/awt/event/ActionEvent;)V+5
j  javax.swing.DefaultButtonModel.fireActionPerformed(Ljava/awt/event/ActionEvent;)V+34
j  javax.swing.DefaultButtonModel.setPressed(Z)V+117
j  javax.swing.plaf.basic.BasicButtonListener.mouseReleased(Ljava/awt/event/MouseEvent;)V+35
j  java.awt.Component.processMouseEvent(Ljava/awt/event/MouseEvent;)V+64
j  javax.swing.JComponent.processMouseEvent(Ljava/awt/event/MouseEvent;)V+23
j  java.awt.Component.processEvent(Ljava/awt/AWTEvent;)V+81
j  java.awt.Container.processEvent(Ljava/awt/AWTEvent;)V+18
j  java.awt.Component.dispatchEventImpl(Ljava/awt/AWTEvent;)V+589
j  java.awt.Container.dispatchEventImpl(Ljava/awt/AWTEvent;)V+42
j  java.awt.Component.dispatchEvent(Ljava/awt/AWTEvent;)V+2
j  java.awt.LightweightDispatcher.retargetMouseEvent(Ljava/awt/Component;ILjava/awt/event/MouseEvent;)V+327
j  java.awt.LightweightDispatcher.processMouseEvent(Ljava/awt/event/MouseEvent;)Z+155
j  java.awt.LightweightDispatcher.dispatchEvent(Ljava/awt/AWTEvent;)Z+50
j  java.awt.Container.dispatchEventImpl(Ljava/awt/AWTEvent;)V+12
j  java.awt.Window.dispatchEventImpl(Ljava/awt/AWTEvent;)V+19
j  java.awt.Component.dispatchEvent(Ljava/awt/AWTEvent;)V+2
j  java.awt.EventQueue.dispatchEventImpl(Ljava/awt/AWTEvent;Ljava/lang/Object;)V+41
j  java.awt.EventQueue.access$500(Ljava/awt/EventQueue;Ljava/awt/AWTEvent;Ljava/lang/Object;)V+3
j  java.awt.EventQueue$3.run()Ljava/lang/Void;+32
j  java.awt.EventQueue$3.run()Ljava/lang/Object;+1
v  ~StubRoutines::call_stub
V  [jvm.dll+0x15af45]
V  [jvm.dll+0x2213ae]
V  [jvm.dll+0x15afde]
V  [jvm.dll+0x10b2cf]
C  [java.dll+0x102f]
j  java.security.ProtectionDomain$JavaSecurityAccessImpl.doIntersectionPrivilege(Ljava/security/PrivilegedAction;Ljava/security/AccessControlContext;Ljava/security/AccessControlContext;)Ljava/lang/Object;+18
j  java.security.ProtectionDomain$JavaSecurityAccessImpl.doIntersectionPrivilege(Ljava/security/PrivilegedAction;Ljava/security/AccessControlContext;)Ljava/lang/Object;+6
j  java.awt.EventQueue$4.run()Ljava/lang/Void;+11
j  java.awt.EventQueue$4.run()Ljava/lang/Object;+1
v  ~StubRoutines::call_stub
V  [jvm.dll+0x15af45]
V  [jvm.dll+0x2213ae]
V  [jvm.dll+0x15afde]
V  [jvm.dll+0x10b2cf]
C  [java.dll+0x102f]
j  java.security.ProtectionDomain$JavaSecurityAccessImpl.doIntersectionPrivilege(Ljava/security/PrivilegedAction;Ljava/security/AccessControlContext;Ljava/security/AccessControlContext;)Ljava/lang/Object;+18
j  java.awt.EventQueue.dispatchEvent(Ljava/awt/AWTEvent;)V+73
j  java.awt.EventDispatchThread.pumpOneEventForFilters(I)V+245
j  java.awt.EventDispatchThread.pumpEventsForFilter(ILjava/awt/Conditional;Ljava/awt/EventFilter;)V+35
j  java.awt.EventDispatchThread.pumpEventsForHierarchy(ILjava/awt/Conditional;Ljava/awt/Component;)V+11
j  java.awt.EventDispatchThread.pumpEvents(ILjava/awt/Conditional;)V+4
j  java.awt.EventDispatchThread.pumpEvents(Ljava/awt/Conditional;)V+3
j  java.awt.EventDispatchThread.run()V+9
v  ~StubRoutines::call_stub
V  [jvm.dll+0x15af45]
V  [jvm.dll+0x2213ae]
V  [jvm.dll+0x15afde]
V  [jvm.dll+0x15b166]
V  [jvm.dll+0x15b1d7]
V  [jvm.dll+0xff36f]
V  [jvm.dll+0x17dc30]
V  [jvm.dll+0x17e4aa]
V  [jvm.dll+0x1c2ec6]
C  [msvcr100.dll+0x5c556]
C  [msvcr100.dll+0x5c600]
C  [kernel32.dll+0x51174]
C  [ntdll.dll+0x5b3f5]
C  [ntdll.dll+0x5b3c8]
C  0x00000000

Java frames: (J=compiled Java code, j=interpreted, Vv=VM code)
j  ca.beq.util.win32.registry.RegistryKey.setValue(Lca/beq/util/win32/registry/RegistryValue;)V+0
j  javaapplication9.BackupRestore.jButton3ActionPerformed(Ljava/awt/event/ActionEvent;)V+41
j  javaapplication9.BackupRestore.access$000(Ljavaapplication9/BackupRestore;Ljava/awt/event/ActionEvent;)V+2
j  javaapplication9.BackupRestore$1.actionPerformed(Ljava/awt/event/ActionEvent;)V+5
j  javax.swing.AbstractButton.fireActionPerformed(Ljava/awt/event/ActionEvent;)V+83
j  javax.swing.AbstractButton$Handler.actionPerformed(Ljava/awt/event/ActionEvent;)V+5
j  javax.swing.DefaultButtonModel.fireActionPerformed(Ljava/awt/event/ActionEvent;)V+34
j  javax.swing.DefaultButtonModel.setPressed(Z)V+117
j  javax.swing.plaf.basic.BasicButtonListener.mouseReleased(Ljava/awt/event/MouseEvent;)V+35
j  java.awt.Component.processMouseEvent(Ljava/awt/event/MouseEvent;)V+64
j  javax.swing.JComponent.processMouseEvent(Ljava/awt/event/MouseEvent;)V+23
j  java.awt.Component.processEvent(Ljava/awt/AWTEvent;)V+81
j  java.awt.Container.processEvent(Ljava/awt/AWTEvent;)V+18
j  java.awt.Component.dispatchEventImpl(Ljava/awt/AWTEvent;)V+589
j  java.awt.Container.dispatchEventImpl(Ljava/awt/AWTEvent;)V+42
j  java.awt.Component.dispatchEvent(Ljava/awt/AWTEvent;)V+2
j  java.awt.LightweightDispatcher.retargetMouseEvent(Ljava/awt/Component;ILjava/awt/event/MouseEvent;)V+327
j  java.awt.LightweightDispatcher.processMouseEvent(Ljava/awt/event/MouseEvent;)Z+155
j  java.awt.LightweightDispatcher.dispatchEvent(Ljava/awt/AWTEvent;)Z+50
j  java.awt.Container.dispatchEventImpl(Ljava/awt/AWTEvent;)V+12
j  java.awt.Window.dispatchEventImpl(Ljava/awt/AWTEvent;)V+19
j  java.awt.Component.dispatchEvent(Ljava/awt/AWTEvent;)V+2
j  java.awt.EventQueue.dispatchEventImpl(Ljava/awt/AWTEvent;Ljava/lang/Object;)V+41
j  java.awt.EventQueue.access$500(Ljava/awt/EventQueue;Ljava/awt/AWTEvent;Ljava/lang/Object;)V+3
j  java.awt.EventQueue$3.run()Ljava/lang/Void;+32
j  java.awt.EventQueue$3.run()Ljava/lang/Object;+1
v  ~StubRoutines::call_stub
j  java.security.AccessController.doPrivileged(Ljava/security/PrivilegedAction;Ljava/security/AccessControlContext;)Ljava/lang/Object;+0
j  java.security.ProtectionDomain$JavaSecurityAccessImpl.doIntersectionPrivilege(Ljava/security/PrivilegedAction;Ljava/security/AccessControlContext;Ljava/security/AccessControlContext;)Ljava/lang/Object;+18
j  java.security.ProtectionDomain$JavaSecurityAccessImpl.doIntersectionPrivilege(Ljava/security/PrivilegedAction;Ljava/security/AccessControlContext;)Ljava/lang/Object;+6
j  java.awt.EventQueue$4.run()Ljava/lang/Void;+11
j  java.awt.EventQueue$4.run()Ljava/lang/Object;+1
v  ~StubRoutines::call_stub
j  java.security.AccessController.doPrivileged(Ljava/security/PrivilegedAction;Ljava/security/AccessControlContext;)Ljava/lang/Object;+0
j  java.security.ProtectionDomain$JavaSecurityAccessImpl.doIntersectionPrivilege(Ljava/security/PrivilegedAction;Ljava/security/AccessControlContext;Ljava/security/AccessControlContext;)Ljava/lang/Object;+18
j  java.awt.EventQueue.dispatchEvent(Ljava/awt/AWTEvent;)V+73
j  java.awt.EventDispatchThread.pumpOneEventForFilters(I)V+245
j  java.awt.EventDispatchThread.pumpEventsForFilter(ILjava/awt/Conditional;Ljava/awt/EventFilter;)V+35
j  java.awt.EventDispatchThread.pumpEventsForHierarchy(ILjava/awt/Conditional;Ljava/awt/Component;)V+11
j  java.awt.EventDispatchThread.pumpEvents(ILjava/awt/Conditional;)V+4
j  java.awt.EventDispatchThread.pumpEvents(Ljava/awt/Conditional;)V+3
j  java.awt.EventDispatchThread.run()V+9
v  ~StubRoutines::call_stub

---------------  P R O C E S S  ---------------

Java Threads: ( => current thread )
  0x14c95000 JavaThread "TimerQueue" daemon [_thread_blocked, id=5268, stack(0x15630000,0x15680000)]
  0x0061bc00 JavaThread "DestroyJavaVM" [_thread_blocked, id=6136, stack(0x00580000,0x005d0000)]
=>0x00d5e800 JavaThread "AWT-EventQueue-0" [_thread_in_native, id=4788, stack(0x01f70000,0x01fc0000)]
  0x00d34800 JavaThread "AWT-Windows" daemon [_thread_in_native, id=7456, stack(0x14490000,0x144e0000)]
  0x00d31c00 JavaThread "AWT-Shutdown" [_thread_blocked, id=4524, stack(0x14020000,0x14070000)]
  0x00d2f000 JavaThread "Java2D Disposer" daemon [_thread_blocked, id=6600, stack(0x14510000,0x14560000)]
  0x00bb4400 JavaThread "Service Thread" daemon [_thread_blocked, id=6732, stack(0x14260000,0x142b0000)]
  0x00bbd400 JavaThread "C1 CompilerThread0" daemon [_thread_blocked, id=7800, stack(0x14310000,0x14360000)]
  0x00bbc000 JavaThread "Attach Listener" daemon [_thread_blocked, id=4976, stack(0x142c0000,0x14310000)]
  0x00bb9000 JavaThread "Signal Dispatcher" daemon [_thread_blocked, id=6084, stack(0x141f0000,0x14240000)]
  0x00b98c00 JavaThread "Finalizer" daemon [_thread_blocked, id=4880, stack(0x00da0000,0x00df0000)]
  0x00b72400 JavaThread "Reference Handler" daemon [_thread_blocked, id=3148, stack(0x00e00000,0x00e50000)]

Other Threads:
  0x00b6c800 VMThread [stack: 0x14070000,0x140c0000] [id=4300]
  0x00bc6000 WatcherThread [stack: 0x14190000,0x141e0000] [id=3104]

VM state:not at safepoint (normal execution)

VM Mutex/Monitor currently owned by a thread: None

Heap:
 def new generation   total 4928K, used 3075K [0x04000000, 0x04550000, 0x09550000)
  eden space 4416K,  58% used [0x04000000, 0x04280fa0, 0x04450000)
  from space 512K, 100% used [0x044d0000, 0x04550000, 0x04550000)
  to   space 512K,   0% used [0x04450000, 0x04450000, 0x044d0000)
 tenured generation   total 10944K, used 1219K [0x09550000, 0x0a000000, 0x14000000)
   the space 10944K,  11% used [0x09550000, 0x09680f30, 0x09681000, 0x0a000000)
 Metaspace       used 7599K, capacity 7773K, committed 7936K, reserved 8576K

Card table byte_map: [0x00a70000,0x00b00000] byte_map_base: 0x00a50000

Polling page: 0x002a0000

CodeCache: size=32768Kb used=944Kb max_used=947Kb free=31823Kb
 bounds [0x02000000, 0x020f0000, 0x04000000]
 total_blobs=459 nmethods=230 adapters=160
 compilation: enabled

Compilation events (10 events):
Event: 6.127 Thread 0x00bbd400  227             java.util.EventObject::getSource (5 bytes)
Event: 6.128 Thread 0x00bbd400 nmethod 227 0x020d26c8 code [0x020d27c0, 0x020d2840]
Event: 6.363 Thread 0x00bbd400  228             java.lang.Integer::valueOf (32 bytes)
Event: 6.364 Thread 0x00bbd400 nmethod 228 0x020d2408 code [0x020d2500, 0x020d25f0]
Event: 6.365 Thread 0x00bbd400  229  s          sun.java2d.loops.RenderCache::get (100 bytes)
Event: 6.366 Thread 0x00bbd400 nmethod 229 0x020d1c08 code [0x020d1d30, 0x020d210c]
Event: 6.515 Thread 0x00bbd400  230             sun.util.logging.PlatformLogger$DefaultLoggerProxy::isLoggable (29 bytes)
Event: 6.516 Thread 0x00bbd400 nmethod 230 0x020d18c8 code [0x020d19d0, 0x020d1ac0]
Event: 6.517 Thread 0x00bbd400  231             sun.util.logging.PlatformLogger::isLoggable (38 bytes)
Event: 6.517 Thread 0x00bbd400 nmethod 231 0x020d15c8 code [0x020d16e0, 0x020d1814]

GC Heap History (2 events):
Event: 0.609 GC heap before
{Heap before GC invocations=0 (full 0):
 def new generation   total 4928K, used 4416K [0x04000000, 0x04550000, 0x09550000)
  eden space 4416K, 100% used [0x04000000, 0x04450000, 0x04450000)
  from space 512K,   0% used [0x04450000, 0x04450000, 0x044d0000)
  to   space 512K,   0% used [0x044d0000, 0x044d0000, 0x04550000)
 tenured generation   total 10944K, used 0K [0x09550000, 0x0a000000, 0x14000000)
   the space 10944K,   0% used [0x09550000, 0x09550000, 0x09550200, 0x0a000000)
 Metaspace       used 7117K, capacity 7312K, committed 7424K, reserved 7552K
Event: 0.618 GC heap after
Heap after GC invocations=1 (full 0):
 def new generation   total 4928K, used 512K [0x04000000, 0x04550000, 0x09550000)
  eden space 4416K,   0% used [0x04000000, 0x04000000, 0x04450000)
  from space 512K, 100% used [0x044d0000, 0x04550000, 0x04550000)
  to   space 512K,   0% used [0x04450000, 0x04450000, 0x044d0000)
 tenured generation   total 10944K, used 1219K [0x09550000, 0x0a000000, 0x14000000)
   the space 10944K,  11% used [0x09550000, 0x09680f30, 0x09681000, 0x0a000000)
 Metaspace       used 7117K, capacity 7312K, committed 7424K, reserved 7552K
}

Deoptimization events (0 events):
No events

Internal exceptions (10 events):
Event: 0.359 Thread 0x0061bc00 Exception <a 'java/lang/ClassNotFoundException': ToggleButton> (0x042c46e8) thrown at [C:\workspace\8-2-build-windows-i586-cygwin\jdk8u144\9417\hotspot\src\share\vm\classfile\systemDictionary.cpp, line 210]
Event: 0.359 Thread 0x0061bc00 Exception <a 'java/lang/ClassNotFoundException': javax/swing/JToolBarSeparator> (0x042c4af0) thrown at [C:\workspace\8-2-build-windows-i586-cygwin\jdk8u144\9417\hotspot\src\share\vm\classfile\systemDictionary.cpp, line 210]
Event: 0.359 Thread 0x0061bc00 Exception <a 'java/lang/ClassNotFoundException': ToolBarSeparator> (0x042c4f48) thrown at [C:\workspace\8-2-build-windows-i586-cygwin\jdk8u144\9417\hotspot\src\share\vm\classfile\systemDictionary.cpp, line 210]
Event: 0.359 Thread 0x0061bc00 Exception <a 'java/lang/ClassNotFoundException': ToolTip> (0x042c55f0) thrown at [C:\workspace\8-2-build-windows-i586-cygwin\jdk8u144\9417\hotspot\src\share\vm\classfile\systemDictionary.cpp, line 210]
Event: 0.361 Thread 0x0061bc00 Exception <a 'java/lang/ClassNotFoundException': Tree> (0x042c60d8) thrown at [C:\workspace\8-2-build-windows-i586-cygwin\jdk8u144\9417\hotspot\src\share\vm\classfile\systemDictionary.cpp, line 210]
Event: 0.361 Thread 0x0061bc00 Exception <a 'java/lang/ClassNotFoundException': Tree> (0x042c6778) thrown at [C:\workspace\8-2-build-windows-i586-cygwin\jdk8u144\9417\hotspot\src\share\vm\classfile\systemDictionary.cpp, line 210]
Event: 0.361 Thread 0x0061bc00 Exception <a 'java/lang/ClassNotFoundException': javax/swing/JTreeCell> (0x042c6ab0) thrown at [C:\workspace\8-2-build-windows-i586-cygwin\jdk8u144\9417\hotspot\src\share\vm\classfile\systemDictionary.cpp, line 210]
Event: 0.361 Thread 0x0061bc00 Exception <a 'java/lang/ClassNotFoundException': TreeCell> (0x042c6ef8) thrown at [C:\workspace\8-2-build-windows-i586-cygwin\jdk8u144\9417\hotspot\src\share\vm\classfile\systemDictionary.cpp, line 210]
Event: 0.362 Thread 0x0061bc00 Exception <a 'java/lang/ClassNotFoundException': RootPane> (0x042c77d8) thrown at [C:\workspace\8-2-build-windows-i586-cygwin\jdk8u144\9417\hotspot\src\share\vm\classfile\systemDictionary.cpp, line 210]
Event: 5.558 Thread 0x00d5e800 Exception <a 'java/lang/UnsatisfiedLinkError': ca.beq.util.win32.registry.RegistryKey.testInitialized()V> (0x041cbcb8) thrown at [C:\workspace\8-2-build-windows-i586-cygwin\jdk8u144\9417\hotspot\src\share\vm\prims\nativeLookup.cpp, line 378]

Events (10 events):
Event: 5.637 loading class java/awt/geom/EllipseIterator done
Event: 5.652 Thread 0x00bbd400 flushing nmethod 0x020d0988
Event: 6.508 loading class java/awt/KeyboardFocusManager$2
Event: 6.508 loading class java/awt/KeyboardFocusManager$2 done
Event: 6.509 loading class sun/awt/SunToolkit$1
Event: 6.509 loading class sun/awt/SunToolkit$1 done
Event: 6.515 loading class java/awt/Window$1DisposeAction
Event: 6.516 loading class java/awt/Window$1DisposeAction done
Event: 6.519 loading class java/awt/LightweightDispatcher$2
Event: 6.519 loading class java/awt/LightweightDispatcher$2 done


Dynamic libraries:
0x00ea0000 - 0x00ed3000 	C:\Program Files\Java\jdk1.8.0_144\bin\java.exe
0x77c90000 - 0x77dcc000 	C:\Windows\SYSTEM32\ntdll.dll
0x76a40000 - 0x76b14000 	C:\Windows\system32\kernel32.dll
0x75f80000 - 0x75fca000 	C:\Windows\system32\KERNELBASE.dll
0x76c00000 - 0x76ca0000 	C:\Windows\system32\ADVAPI32.dll
0x76380000 - 0x7642c000 	C:\Windows\system32\msvcrt.dll
0x77ea0000 - 0x77eb9000 	C:\Windows\SYSTEM32\sechost.dll
0x76ca0000 - 0x76d41000 	C:\Windows\system32\RPCRT4.dll
0x768e0000 - 0x769a9000 	C:\Windows\system32\USER32.dll
0x77de0000 - 0x77e2e000 	C:\Windows\system32\GDI32.dll
0x76020000 - 0x7602a000 	C:\Windows\system32\LPK.dll
0x762e0000 - 0x7637d000 	C:\Windows\system32\USP10.dll
0x74cb0000 - 0x74e4e000 	C:\Windows\WinSxS\x86_microsoft.windows.common-controls_6595b64144ccf1df_6.0.7600.16385_none_421189da2b7fabfc\COMCTL32.dll
0x77e40000 - 0x77e97000 	C:\Windows\system32\SHLWAPI.dll
0x76be0000 - 0x76bff000 	C:\Windows\system32\IMM32.DLL
0x76200000 - 0x762cc000 	C:\Windows\system32\MSCTF.dll
0x5e3b0000 - 0x5e46f000 	C:\Program Files\Java\jdk1.8.0_144\jre\bin\msvcr100.dll
0x5c670000 - 0x5ca3e000 	C:\Program Files\Java\jdk1.8.0_144\jre\bin\client\jvm.dll
0x6feb0000 - 0x6feb7000 	C:\Windows\system32\WSOCK32.dll
0x76b20000 - 0x76b55000 	C:\Windows\system32\WS2_32.dll
0x762d0000 - 0x762d6000 	C:\Windows\system32\NSI.dll
0x70800000 - 0x70832000 	C:\Windows\system32\WINMM.dll
0x75220000 - 0x75229000 	C:\Windows\system32\VERSION.dll
0x77dd0000 - 0x77dd5000 	C:\Windows\system32\PSAPI.DLL
0x74290000 - 0x7429c000 	C:\Program Files\Java\jdk1.8.0_144\jre\bin\verify.dll
0x6a920000 - 0x6a941000 	C:\Program Files\Java\jdk1.8.0_144\jre\bin\java.dll
0x6c780000 - 0x6c793000 	C:\Program Files\Java\jdk1.8.0_144\jre\bin\zip.dll
0x76d50000 - 0x77a5c000 	C:\Windows\system32\SHELL32.dll
0x76430000 - 0x7658c000 	C:\Windows\system32\ole32.dll
0x75d20000 - 0x75d2b000 	C:\Windows\system32\profapi.dll
0x5d1b0000 - 0x5d2f5000 	C:\Program Files\Java\jdk1.8.0_144\jre\bin\awt.dll
0x77a60000 - 0x77aef000 	C:\Windows\system32\OLEAUT32.dll
0x74a10000 - 0x74a50000 	C:\Windows\system32\uxtheme.dll
0x5bda0000 - 0x5bdf7000 	C:\Program Files\Bandicam\bdcam.dll
0x74720000 - 0x74733000 	C:\Windows\system32\dwmapi.dll
0x75c70000 - 0x75c7c000 	C:\Windows\system32\CRYPTBASE.dll
0x5ea30000 - 0x5ea69000 	C:\Program Files\Java\jdk1.8.0_144\jre\bin\fontmanager.dll
0x64f70000 - 0x65038000 	C:\Windows\system32\opengl32.dll
0x68320000 - 0x68342000 	C:\Windows\system32\GLU32.dll
0x5e250000 - 0x5e337000 	C:\Windows\system32\DDRAW.dll
0x6dd10000 - 0x6dd16000 	C:\Windows\system32\DCIMAN32.dll
0x77af0000 - 0x77c8d000 	C:\Windows\system32\SETUPAPI.dll
0x75da0000 - 0x75dc7000 	C:\Windows\system32\CFGMGR32.dll
0x76000000 - 0x76012000 	C:\Windows\system32\DEVOBJ.dll
0x769b0000 - 0x76a33000 	C:\Windows\system32\CLBCatQ.DLL
0x74350000 - 0x7444b000 	C:\Windows\system32\WindowsCodecs.dll
0x75c20000 - 0x75c6b000 	C:\Windows\system32\apphelp.dll
0x6f850000 - 0x6f857000 	C:\Program Files\Internet Download Manager\IDMShellExt.dll
0x6f7d0000 - 0x6f801000 	C:\Windows\system32\EhStorShell.dll
0x74a90000 - 0x74b85000 	C:\Windows\system32\PROPSYS.dll
0x704f0000 - 0x7055a000 	C:\Windows\System32\cscui.dll
0x70110000 - 0x70119000 	C:\Windows\System32\CSCDLL.dll
0x6f860000 - 0x6f86b000 	C:\Windows\system32\CSCAPI.dll
0x700a0000 - 0x7010f000 	C:\Windows\system32\ntshrui.dll
0x75990000 - 0x759a9000 	C:\Windows\system32\srvcli.dll
0x744d0000 - 0x744da000 	C:\Windows\system32\slc.dll
0x68350000 - 0x68366000 	C:\Program Files\Java\jdk1.8.0_144\jre\bin\net.dll
0x75760000 - 0x7579c000 	C:\Windows\system32\mswsock.dll
0x75750000 - 0x75756000 	C:\Windows\System32\wship6.dll
0x73f90000 - 0x73f9f000 	C:\Program Files\Java\jdk1.8.0_144\jre\bin\nio.dll
0x5e8d0000 - 0x5e902000 	C:\Program Files\Java\jdk1.8.0_144\jre\bin\t2k.dll
0x60b70000 - 0x60d33000 	C:\Windows\system32\d3d9.dll
0x60b60000 - 0x60b66000 	C:\Windows\system32\d3d8thk.dll
0x00e70000 - 0x00e77000 	C:\Program Files\Internet Download Manager\idmmkb.dll
0x5e940000 - 0x5e964000 	C:\Program Files\Java\jdk1.8.0_144\jre\bin\dcpr.dll
0x62380000 - 0x6238a000 	C:\Windows\System32\jRegistryKey.dll
0x5f010000 - 0x5f0fb000 	C:\Windows\system32\dbghelp.dll

VM Arguments:
jvm_args: -Dfile.encoding=UTF-8 
java_command: javaapplication9.BackupRestore
java_class_path (initial): C:\Program Files\NetBeans 7.4\ide\modules\ext\mysql-connector-java-5.1.23-bin.jar;C:\Users\NDIAPPINK\Desktop\Program\sqlitejdbc-3.8.7.jar;C:\Users\NDIAPPINK\Documents\NetbeansProjects\SIP\src\SIP-Toko\Library\jRegistryKey.jar;C:\Users\NDIAPPINK\Documents\NetbeansProjects\JavaApplication9\build\classes
Launcher Type: SUN_STANDARD

Environment Variables:
PATH=C:\ProgramData\Oracle\Java\javapath;C:\Windows\system32;C:\Windows;C:\Windows\System32\Wbem;C:\Windows\System32\WindowsPowerShell\v1.0\;C:\Program Files\Microsoft SQL Server\100\Tools\Binn\;C:\Program Files\Microsoft SQL Server\100\DTS\Binn\;C:\AppServ\Apache2.2\bin;C:\AppServ\php5;C:\AppServ\MySQL\bin
USERNAME=NDIAPPINK
OS=Windows_NT
PROCESSOR_IDENTIFIER=x86 Family 6 Model 42 Stepping 7, GenuineIntel



---------------  S Y S T E M  ---------------

OS: Windows 7 Build 7600 (6.1.7600.16385)

CPU:total 2 (initial active 2) (2 cores per cpu, 1 threads per core) family 6 model 42 stepping 7, cmov, cx8, fxsr, mmx, sse, sse2, sse3, ssse3, sse4.1, sse4.2, popcnt, clmul, tsc, tscinvbit

Memory: 4k page, physical 3578600k(915220k free), swap 7155436k(3435480k free)

vm_info: Java HotSpot(TM) Client VM (25.144-b01) for windows-x86 JRE (1.8.0_144-b01), built on Jul 21 2017 21:58:05 by "java_re" with MS VC++ 10.0 (VS2010)

time: Sat Oct 28 11:33:37 2017
elapsed time: 6 seconds (0d 0h 0m 6s)

