#
# A fatal error has been detected by the Java Runtime Environment:
#
#  EXCEPTION_ACCESS_VIOLATION (0xc0000005) at pc=0x77c61ffe, pid=5092, tid=0x00000e48
#
# JRE version: Java(TM) SE Runtime Environment (8.0_144-b01) (build 1.8.0_144-b01)
# Java VM: Java HotSpot(TM) Client VM (25.144-b01 mixed mode windows-x86 )
# Problematic frame:
# C  [ntdll.dll+0x51ffe]
#
# Failed to write core dump. Minidumps are not enabled by default on client versions of Windows
#
# If you would like to submit a bug report, please visit:
#   http://bugreport.java.com/bugreport/crash.jsp
# The crash happened outside the Java Virtual Machine in native code.
# See problematic frame for where to report the bug.
#

---------------  T H R E A D  ---------------

Current thread (0x01e69400):  JavaThread "AWT-EventQueue-0" [_thread_in_native, id=3656, stack(0x14820000,0x14870000)]

siginfo: ExceptionCode=0xc0000005, reading address 0x15e54844

Registers:
EAX=0x2dcf5ddb, EBX=0x14d7e360, ECX=0x004f0000, EDX=0x14d7e360
ESP=0x1486de90, EBP=0x1486dec4, ESI=0x15e54840, EDI=0x14d7e358
EIP=0x77c61ffe, EFLAGS=0x00010202

Top of Stack: (sp=0x1486de90)
0x1486de90:   00000000 004f0000 14d7e360 00000010
0x1486dea0:   00000000 00000000 00000000 00000000
0x1486deb0:   00000404 1486df18 76b1ca03 00000000
0x1486dec0:   14d7e358 1486dedc 77c61faf 14d7e360
0x1486ded0:   00000000 14d7e360 14d7e358 1486df28
0x1486dee0:   766e98cd 004f0000 00000000 14d7e360
0x1486def0:   58a10858 00000000 01e69540 14d7e360
0x1486df00:   1486ded0 042753c8 1486e6d8 76b79332 

Instructions: (pc=0x77c61ffe)
0x77c61fde:   7a f8 80 7f 07 05 0f 84 58 df 03 00 8b 07 8b f7
0x77c61fee:   c1 ee 03 33 f0 33 35 dc 71 ce 77 89 7d fc 33 f1
0x77c61ffe:   8b 46 04 89 45 f4 c6 47 07 80 c6 47 06 00 8b 5e
0x77c6200e:   08 8b 4e 0c 89 5d e0 83 c3 01 89 4d e4 83 d1 01 


Register to memory mapping:

EAX=0x2dcf5ddb is an unknown value
EBX=0x14d7e360 is an unknown value
ECX=0x004f0000 is an unknown value
EDX=0x14d7e360 is an unknown value
ESP=0x1486de90 is pointing into the stack for thread: 0x01e69400
EBP=0x1486dec4 is pointing into the stack for thread: 0x01e69400
ESI=0x15e54840 is an unknown value
EDI=0x14d7e358 is an unknown value


Stack: [0x14820000,0x14870000],  sp=0x1486de90,  free space=311k
Native frames: (J=compiled Java code, j=interpreted, Vv=VM code, C=native code)
C  [ntdll.dll+0x51ffe]
C  [ntdll.dll+0x51faf]
C  [msvcrt.dll+0x98cd]
C  [jRegistryKey.dll+0x2fa0]
j  ca.beq.util.win32.registry.RegistryKey.setValue(Lca/beq/util/win32/registry/RegistryValue;)V+0
j  javaapplication9.BackupRestore.jButton3ActionPerformed(Ljava/awt/event/ActionEvent;)V+41
j  javaapplication9.BackupRestore.access$000(Ljavaapplication9/BackupRestore;Ljava/awt/event/ActionEvent;)V+2
j  javaapplication9.BackupRestore$1.actionPerformed(Ljava/awt/event/ActionEvent;)V+5
j  javax.swing.AbstractButton.fireActionPerformed(Ljava/awt/event/ActionEvent;)V+83
j  javax.swing.AbstractButton$Handler.actionPerformed(Ljava/awt/event/ActionEvent;)V+5
j  javax.swing.DefaultButtonModel.fireActionPerformed(Ljava/awt/event/ActionEvent;)V+34
j  javax.swing.DefaultButtonModel.setPressed(Z)V+117
j  javax.swing.plaf.basic.BasicButtonListener.mouseReleased(Ljava/awt/event/MouseEvent;)V+35
j  java.awt.Component.processMouseEvent(Ljava/awt/event/MouseEvent;)V+64
j  javax.swing.JComponent.processMouseEvent(Ljava/awt/event/MouseEvent;)V+23
j  java.awt.Component.processEvent(Ljava/awt/AWTEvent;)V+81
j  java.awt.Container.processEvent(Ljava/awt/AWTEvent;)V+18
j  java.awt.Component.dispatchEventImpl(Ljava/awt/AWTEvent;)V+589
j  java.awt.Container.dispatchEventImpl(Ljava/awt/AWTEvent;)V+42
j  java.awt.Component.dispatchEvent(Ljava/awt/AWTEvent;)V+2
j  java.awt.LightweightDispatcher.retargetMouseEvent(Ljava/awt/Component;ILjava/awt/event/MouseEvent;)V+327
j  java.awt.LightweightDispatcher.processMouseEvent(Ljava/awt/event/MouseEvent;)Z+155
j  java.awt.LightweightDispatcher.dispatchEvent(Ljava/awt/AWTEvent;)Z+50
j  java.awt.Container.dispatchEventImpl(Ljava/awt/AWTEvent;)V+12
j  java.awt.Window.dispatchEventImpl(Ljava/awt/AWTEvent;)V+19
j  java.awt.Component.dispatchEvent(Ljava/awt/AWTEvent;)V+2
j  java.awt.EventQueue.dispatchEventImpl(Ljava/awt/AWTEvent;Ljava/lang/Object;)V+41
j  java.awt.EventQueue.access$500(Ljava/awt/EventQueue;Ljava/awt/AWTEvent;Ljava/lang/Object;)V+3
j  java.awt.EventQueue$3.run()Ljava/lang/Void;+32
j  java.awt.EventQueue$3.run()Ljava/lang/Object;+1
v  ~StubRoutines::call_stub
V  [jvm.dll+0x15af45]
V  [jvm.dll+0x2213ae]
V  [jvm.dll+0x15afde]
V  [jvm.dll+0x10b2cf]
C  [java.dll+0x102f]
j  java.security.ProtectionDomain$JavaSecurityAccessImpl.doIntersectionPrivilege(Ljava/security/PrivilegedAction;Ljava/security/AccessControlContext;Ljava/security/AccessControlContext;)Ljava/lang/Object;+18
j  java.security.ProtectionDomain$JavaSecurityAccessImpl.doIntersectionPrivilege(Ljava/security/PrivilegedAction;Ljava/security/AccessControlContext;)Ljava/lang/Object;+6
j  java.awt.EventQueue$4.run()Ljava/lang/Void;+11
j  java.awt.EventQueue$4.run()Ljava/lang/Object;+1
v  ~StubRoutines::call_stub
V  [jvm.dll+0x15af45]
V  [jvm.dll+0x2213ae]
V  [jvm.dll+0x15afde]
V  [jvm.dll+0x10b2cf]
C  [java.dll+0x102f]
j  java.security.ProtectionDomain$JavaSecurityAccessImpl.doIntersectionPrivilege(Ljava/security/PrivilegedAction;Ljava/security/AccessControlContext;Ljava/security/AccessControlContext;)Ljava/lang/Object;+18
j  java.awt.EventQueue.dispatchEvent(Ljava/awt/AWTEvent;)V+73
j  java.awt.EventDispatchThread.pumpOneEventForFilters(I)V+245
j  java.awt.EventDispatchThread.pumpEventsForFilter(ILjava/awt/Conditional;Ljava/awt/EventFilter;)V+35
j  java.awt.EventDispatchThread.pumpEventsForHierarchy(ILjava/awt/Conditional;Ljava/awt/Component;)V+11
j  java.awt.EventDispatchThread.pumpEvents(ILjava/awt/Conditional;)V+4
j  java.awt.EventDispatchThread.pumpEvents(Ljava/awt/Conditional;)V+3
j  java.awt.EventDispatchThread.run()V+9
v  ~StubRoutines::call_stub
V  [jvm.dll+0x15af45]
V  [jvm.dll+0x2213ae]
V  [jvm.dll+0x15afde]
V  [jvm.dll+0x15b166]
V  [jvm.dll+0x15b1d7]
V  [jvm.dll+0xff36f]
V  [jvm.dll+0x17dc30]
V  [jvm.dll+0x17e4aa]
V  [jvm.dll+0x1c2ec6]
C  [msvcr100.dll+0x5c556]
C  [msvcr100.dll+0x5c600]
C  [kernel32.dll+0x51174]
C  [ntdll.dll+0x5b3f5]
C  [ntdll.dll+0x5b3c8]
C  0x00000000

Java frames: (J=compiled Java code, j=interpreted, Vv=VM code)
j  ca.beq.util.win32.registry.RegistryKey.setValue(Lca/beq/util/win32/registry/RegistryValue;)V+0
j  javaapplication9.BackupRestore.jButton3ActionPerformed(Ljava/awt/event/ActionEvent;)V+41
j  javaapplication9.BackupRestore.access$000(Ljavaapplication9/BackupRestore;Ljava/awt/event/ActionEvent;)V+2
j  javaapplication9.BackupRestore$1.actionPerformed(Ljava/awt/event/ActionEvent;)V+5
j  javax.swing.AbstractButton.fireActionPerformed(Ljava/awt/event/ActionEvent;)V+83
j  javax.swing.AbstractButton$Handler.actionPerformed(Ljava/awt/event/ActionEvent;)V+5
j  javax.swing.DefaultButtonModel.fireActionPerformed(Ljava/awt/event/ActionEvent;)V+34
j  javax.swing.DefaultButtonModel.setPressed(Z)V+117
j  javax.swing.plaf.basic.BasicButtonListener.mouseReleased(Ljava/awt/event/MouseEvent;)V+35
j  java.awt.Component.processMouseEvent(Ljava/awt/event/MouseEvent;)V+64
j  javax.swing.JComponent.processMouseEvent(Ljava/awt/event/MouseEvent;)V+23
j  java.awt.Component.processEvent(Ljava/awt/AWTEvent;)V+81
j  java.awt.Container.processEvent(Ljava/awt/AWTEvent;)V+18
j  java.awt.Component.dispatchEventImpl(Ljava/awt/AWTEvent;)V+589
j  java.awt.Container.dispatchEventImpl(Ljava/awt/AWTEvent;)V+42
j  java.awt.Component.dispatchEvent(Ljava/awt/AWTEvent;)V+2
j  java.awt.LightweightDispatcher.retargetMouseEvent(Ljava/awt/Component;ILjava/awt/event/MouseEvent;)V+327
j  java.awt.LightweightDispatcher.processMouseEvent(Ljava/awt/event/MouseEvent;)Z+155
j  java.awt.LightweightDispatcher.dispatchEvent(Ljava/awt/AWTEvent;)Z+50
j  java.awt.Container.dispatchEventImpl(Ljava/awt/AWTEvent;)V+12
j  java.awt.Window.dispatchEventImpl(Ljava/awt/AWTEvent;)V+19
j  java.awt.Component.dispatchEvent(Ljava/awt/AWTEvent;)V+2
j  java.awt.EventQueue.dispatchEventImpl(Ljava/awt/AWTEvent;Ljava/lang/Object;)V+41
j  java.awt.EventQueue.access$500(Ljava/awt/EventQueue;Ljava/awt/AWTEvent;Ljava/lang/Object;)V+3
j  java.awt.EventQueue$3.run()Ljava/lang/Void;+32
j  java.awt.EventQueue$3.run()Ljava/lang/Object;+1
v  ~StubRoutines::call_stub
j  java.security.AccessController.doPrivileged(Ljava/security/PrivilegedAction;Ljava/security/AccessControlContext;)Ljava/lang/Object;+0
j  java.security.ProtectionDomain$JavaSecurityAccessImpl.doIntersectionPrivilege(Ljava/security/PrivilegedAction;Ljava/security/AccessControlContext;Ljava/security/AccessControlContext;)Ljava/lang/Object;+18
j  java.security.ProtectionDomain$JavaSecurityAccessImpl.doIntersectionPrivilege(Ljava/security/PrivilegedAction;Ljava/security/AccessControlContext;)Ljava/lang/Object;+6
j  java.awt.EventQueue$4.run()Ljava/lang/Void;+11
j  java.awt.EventQueue$4.run()Ljava/lang/Object;+1
v  ~StubRoutines::call_stub
j  java.security.AccessController.doPrivileged(Ljava/security/PrivilegedAction;Ljava/security/AccessControlContext;)Ljava/lang/Object;+0
j  java.security.ProtectionDomain$JavaSecurityAccessImpl.doIntersectionPrivilege(Ljava/security/PrivilegedAction;Ljava/security/AccessControlContext;Ljava/security/AccessControlContext;)Ljava/lang/Object;+18
j  java.awt.EventQueue.dispatchEvent(Ljava/awt/AWTEvent;)V+73
j  java.awt.EventDispatchThread.pumpOneEventForFilters(I)V+245
j  java.awt.EventDispatchThread.pumpEventsForFilter(ILjava/awt/Conditional;Ljava/awt/EventFilter;)V+35
j  java.awt.EventDispatchThread.pumpEventsForHierarchy(ILjava/awt/Conditional;Ljava/awt/Component;)V+11
j  java.awt.EventDispatchThread.pumpEvents(ILjava/awt/Conditional;)V+4
j  java.awt.EventDispatchThread.pumpEvents(Ljava/awt/Conditional;)V+3
j  java.awt.EventDispatchThread.run()V+9
v  ~StubRoutines::call_stub

---------------  P R O C E S S  ---------------

Java Threads: ( => current thread )
  0x14d64800 JavaThread "TimerQueue" daemon [_thread_blocked, id=6092, stack(0x15560000,0x155b0000)]
  0x017bbc00 JavaThread "DestroyJavaVM" [_thread_blocked, id=5040, stack(0x01860000,0x018b0000)]
=>0x01e69400 JavaThread "AWT-EventQueue-0" [_thread_in_native, id=3656, stack(0x14820000,0x14870000)]
  0x01e27000 JavaThread "AWT-Windows" daemon [_thread_in_native, id=2724, stack(0x01f80000,0x01fd0000)]
  0x01e26400 JavaThread "AWT-Shutdown" [_thread_blocked, id=3300, stack(0x018b0000,0x01900000)]
  0x01e23c00 JavaThread "Java2D Disposer" daemon [_thread_blocked, id=3940, stack(0x14950000,0x149a0000)]
  0x01cc2800 JavaThread "Service Thread" daemon [_thread_blocked, id=988, stack(0x01900000,0x01950000)]
  0x01ccd400 JavaThread "C1 CompilerThread0" daemon [_thread_blocked, id=1252, stack(0x14780000,0x147d0000)]
  0x01ccc000 JavaThread "Attach Listener" daemon [_thread_blocked, id=2916, stack(0x017e0000,0x01830000)]
  0x01cc9000 JavaThread "Signal Dispatcher" daemon [_thread_blocked, id=3228, stack(0x14640000,0x14690000)]
  0x01ca8c00 JavaThread "Finalizer" daemon [_thread_blocked, id=2692, stack(0x14480000,0x144d0000)]
  0x01c82400 JavaThread "Reference Handler" daemon [_thread_blocked, id=2696, stack(0x01e90000,0x01ee0000)]

Other Threads:
  0x01c7c800 VMThread [stack: 0x01f20000,0x01f70000] [id=2704]
  0x01cc4400 WatcherThread [stack: 0x145d0000,0x14620000] [id=3340]

VM state:not at safepoint (normal execution)

VM Mutex/Monitor currently owned by a thread: None

Heap:
 def new generation   total 4928K, used 3879K [0x04000000, 0x04550000, 0x09550000)
  eden space 4416K,  76% used [0x04000000, 0x04349cf0, 0x04450000)
  from space 512K, 100% used [0x044d0000, 0x04550000, 0x04550000)
  to   space 512K,   0% used [0x04450000, 0x04450000, 0x044d0000)
 tenured generation   total 10944K, used 1231K [0x09550000, 0x0a000000, 0x14000000)
   the space 10944K,  11% used [0x09550000, 0x09683f08, 0x09684000, 0x0a000000)
 Metaspace       used 7594K, capacity 7769K, committed 7936K, reserved 8576K

Card table byte_map: [0x016f0000,0x01780000] byte_map_base: 0x016d0000

Polling page: 0x00280000

CodeCache: size=32768Kb used=983Kb max_used=983Kb free=31784Kb
 bounds [0x02000000, 0x020f8000, 0x04000000]
 total_blobs=498 nmethods=269 adapters=160
 compilation: enabled

Compilation events (10 events):
Event: 12.870 Thread 0x01ccd400  264             sun.awt.SunToolkit::getAppContext (42 bytes)
Event: 12.870 Thread 0x01ccd400 nmethod 264 0x020f4188 code [0x020f42d0, 0x020f44d4]
Event: 12.870 Thread 0x01ccd400  265             sun.awt.SunToolkit::targetToAppContext (30 bytes)
Event: 12.870 Thread 0x01ccd400 nmethod 265 0x020f4648 code [0x020f4760, 0x020f49d8]
Event: 13.519 Thread 0x01ccd400  267             java.security.AccessController::getContext (23 bytes)
Event: 13.519 Thread 0x01ccd400 nmethod 267 0x020f5048 code [0x020f5160, 0x020f5258]
Event: 13.555 Thread 0x01ccd400  269             java.awt.Container::getMouseEventTarget (50 bytes)
Event: 13.555 Thread 0x01ccd400 nmethod 269 0x020f5308 code [0x020f5410, 0x020f5548]
Event: 13.750 Thread 0x01ccd400  270             java.security.AccessControlContext::combine (205 bytes)
Event: 13.751 Thread 0x01ccd400 nmethod 270 0x020f5608 code [0x020f5740, 0x020f5bf8]

GC Heap History (2 events):
Event: 1.116 GC heap before
{Heap before GC invocations=0 (full 0):
 def new generation   total 4928K, used 4416K [0x04000000, 0x04550000, 0x09550000)
  eden space 4416K, 100% used [0x04000000, 0x04450000, 0x04450000)
  from space 512K,   0% used [0x04450000, 0x04450000, 0x044d0000)
  to   space 512K,   0% used [0x044d0000, 0x044d0000, 0x04550000)
 tenured generation   total 10944K, used 0K [0x09550000, 0x0a000000, 0x14000000)
   the space 10944K,   0% used [0x09550000, 0x09550000, 0x09550200, 0x0a000000)
 Metaspace       used 7030K, capacity 7212K, committed 7296K, reserved 7552K
Event: 1.128 GC heap after
Heap after GC invocations=1 (full 0):
 def new generation   total 4928K, used 512K [0x04000000, 0x04550000, 0x09550000)
  eden space 4416K,   0% used [0x04000000, 0x04000000, 0x04450000)
  from space 512K, 100% used [0x044d0000, 0x04550000, 0x04550000)
  to   space 512K,   0% used [0x04450000, 0x04450000, 0x044d0000)
 tenured generation   total 10944K, used 1231K [0x09550000, 0x0a000000, 0x14000000)
   the space 10944K,  11% used [0x09550000, 0x09683f08, 0x09684000, 0x0a000000)
 Metaspace       used 7030K, capacity 7212K, committed 7296K, reserved 7552K
}

Deoptimization events (0 events):
No events

Internal exceptions (10 events):
Event: 0.492 Thread 0x017bbc00 Exception <a 'java/lang/ClassNotFoundException': ToggleButton> (0x042ae3d0) thrown at [C:\workspace\8-2-build-windows-i586-cygwin\jdk8u144\9417\hotspot\src\share\vm\classfile\systemDictionary.cpp, line 210]
Event: 0.492 Thread 0x017bbc00 Exception <a 'java/lang/ClassNotFoundException': javax/swing/JToolBarSeparator> (0x042ae7d8) thrown at [C:\workspace\8-2-build-windows-i586-cygwin\jdk8u144\9417\hotspot\src\share\vm\classfile\systemDictionary.cpp, line 210]
Event: 0.492 Thread 0x017bbc00 Exception <a 'java/lang/ClassNotFoundException': ToolBarSeparator> (0x042aec30) thrown at [C:\workspace\8-2-build-windows-i586-cygwin\jdk8u144\9417\hotspot\src\share\vm\classfile\systemDictionary.cpp, line 210]
Event: 0.493 Thread 0x017bbc00 Exception <a 'java/lang/ClassNotFoundException': ToolTip> (0x042af2d8) thrown at [C:\workspace\8-2-build-windows-i586-cygwin\jdk8u144\9417\hotspot\src\share\vm\classfile\systemDictionary.cpp, line 210]
Event: 0.495 Thread 0x017bbc00 Exception <a 'java/lang/ClassNotFoundException': Tree> (0x042afdc0) thrown at [C:\workspace\8-2-build-windows-i586-cygwin\jdk8u144\9417\hotspot\src\share\vm\classfile\systemDictionary.cpp, line 210]
Event: 0.495 Thread 0x017bbc00 Exception <a 'java/lang/ClassNotFoundException': Tree> (0x042b0460) thrown at [C:\workspace\8-2-build-windows-i586-cygwin\jdk8u144\9417\hotspot\src\share\vm\classfile\systemDictionary.cpp, line 210]
Event: 0.495 Thread 0x017bbc00 Exception <a 'java/lang/ClassNotFoundException': javax/swing/JTreeCell> (0x042b0798) thrown at [C:\workspace\8-2-build-windows-i586-cygwin\jdk8u144\9417\hotspot\src\share\vm\classfile\systemDictionary.cpp, line 210]
Event: 0.495 Thread 0x017bbc00 Exception <a 'java/lang/ClassNotFoundException': TreeCell> (0x042b0be0) thrown at [C:\workspace\8-2-build-windows-i586-cygwin\jdk8u144\9417\hotspot\src\share\vm\classfile\systemDictionary.cpp, line 210]
Event: 0.495 Thread 0x017bbc00 Exception <a 'java/lang/ClassNotFoundException': RootPane> (0x042b1558) thrown at [C:\workspace\8-2-build-windows-i586-cygwin\jdk8u144\9417\hotspot\src\share\vm\classfile\systemDictionary.cpp, line 210]
Event: 10.230 Thread 0x01e69400 Exception <a 'java/lang/UnsatisfiedLinkError': ca.beq.util.win32.registry.RegistryKey.testInitialized()V> (0x0426a990) thrown at [C:\workspace\8-2-build-windows-i586-cygwin\jdk8u144\9417\hotspot\src\share\vm\prims\nativeLookup.cpp, line 378]

Events (10 events):
Event: 10.306 loading class java/awt/geom/EllipseIterator
Event: 10.306 loading class java/awt/geom/EllipseIterator done
Event: 11.572 loading class java/awt/LightweightDispatcher$2
Event: 11.572 loading class java/awt/LightweightDispatcher$2 done
Event: 14.228 loading class java/awt/KeyboardFocusManager$2
Event: 14.228 loading class java/awt/KeyboardFocusManager$2 done
Event: 14.228 loading class sun/awt/SunToolkit$1
Event: 14.228 loading class sun/awt/SunToolkit$1 done
Event: 14.231 loading class java/awt/Window$1DisposeAction
Event: 14.231 loading class java/awt/Window$1DisposeAction done


Dynamic libraries:
0x003c0000 - 0x003f3000 	C:\Program Files\Java\jdk1.8.0_144\bin\java.exe
0x77c10000 - 0x77d4c000 	C:\Windows\SYSTEM32\ntdll.dll
0x76ad0000 - 0x76ba4000 	C:\Windows\system32\kernel32.dll
0x75e30000 - 0x75e7a000 	C:\Windows\system32\KERNELBASE.dll
0x767f0000 - 0x76890000 	C:\Windows\system32\ADVAPI32.dll
0x766e0000 - 0x7678c000 	C:\Windows\system32\msvcrt.dll
0x768a0000 - 0x768b9000 	C:\Windows\SYSTEM32\sechost.dll
0x76040000 - 0x760e1000 	C:\Windows\system32\RPCRT4.dll
0x760f0000 - 0x761b9000 	C:\Windows\system32\USER32.dll
0x76bc0000 - 0x76c0e000 	C:\Windows\system32\GDI32.dll
0x75fa0000 - 0x75faa000 	C:\Windows\system32\LPK.dll
0x761c0000 - 0x7625d000 	C:\Windows\system32\USP10.dll
0x74d40000 - 0x74ede000 	C:\Windows\WinSxS\x86_microsoft.windows.common-controls_6595b64144ccf1df_6.0.7600.16385_none_421189da2b7fabfc\COMCTL32.dll
0x76790000 - 0x767e7000 	C:\Windows\system32\SHLWAPI.dll
0x75fe0000 - 0x75fff000 	C:\Windows\system32\IMM32.DLL
0x76480000 - 0x7654c000 	C:\Windows\system32\MSCTF.dll
0x596a0000 - 0x5975f000 	C:\Program Files\Java\jdk1.8.0_144\jre\bin\msvcr100.dll
0x59760000 - 0x59b2e000 	C:\Program Files\Java\jdk1.8.0_144\jre\bin\client\jvm.dll
0x70090000 - 0x70097000 	C:\Windows\system32\WSOCK32.dll
0x76000000 - 0x76035000 	C:\Windows\system32\WS2_32.dll
0x76bb0000 - 0x76bb6000 	C:\Windows\system32\NSI.dll
0x70520000 - 0x70552000 	C:\Windows\system32\WINMM.dll
0x751a0000 - 0x751a9000 	C:\Windows\system32\VERSION.dll
0x76890000 - 0x76895000 	C:\Windows\system32\PSAPI.DLL
0x6d900000 - 0x6d90c000 	C:\Program Files\Java\jdk1.8.0_144\jre\bin\verify.dll
0x6d8d0000 - 0x6d8f1000 	C:\Program Files\Java\jdk1.8.0_144\jre\bin\java.dll
0x5a610000 - 0x5a623000 	C:\Program Files\Java\jdk1.8.0_144\jre\bin\zip.dll
0x76da0000 - 0x77aac000 	C:\Windows\system32\SHELL32.dll
0x77ab0000 - 0x77c0c000 	C:\Windows\system32\ole32.dll
0x75ca0000 - 0x75cab000 	C:\Windows\system32\profapi.dll
0x59550000 - 0x59695000 	C:\Program Files\Java\jdk1.8.0_144\jre\bin\awt.dll
0x77d50000 - 0x77ddf000 	C:\Windows\system32\OLEAUT32.dll
0x74ab0000 - 0x74af0000 	C:\Windows\system32\uxtheme.dll
0x735d0000 - 0x73627000 	C:\Program Files\Bandicam\bdcam.dll
0x74780000 - 0x74793000 	C:\Windows\system32\dwmapi.dll
0x75c20000 - 0x75c2c000 	C:\Windows\system32\CRYPTBASE.dll
0x59d10000 - 0x59d49000 	C:\Program Files\Java\jdk1.8.0_144\jre\bin\fontmanager.dll
0x59480000 - 0x59548000 	C:\Windows\system32\opengl32.dll
0x5a5e0000 - 0x5a602000 	C:\Windows\system32\GLU32.dll
0x59390000 - 0x59477000 	C:\Windows\system32\DDRAW.dll
0x6d8c0000 - 0x6d8c6000 	C:\Windows\system32\DCIMAN32.dll
0x762e0000 - 0x7647d000 	C:\Windows\system32\SETUPAPI.dll
0x75d70000 - 0x75d97000 	C:\Windows\system32\CFGMGR32.dll
0x75d20000 - 0x75d32000 	C:\Windows\system32\DEVOBJ.dll
0x76c10000 - 0x76c93000 	C:\Windows\system32\CLBCatQ.DLL
0x74590000 - 0x7468b000 	C:\Windows\system32\WindowsCodecs.dll
0x75ba0000 - 0x75beb000 	C:\Windows\system32\apphelp.dll
0x701b0000 - 0x701b7000 	C:\Program Files\Internet Download Manager\IDMShellExt.dll
0x70170000 - 0x701a1000 	C:\Windows\system32\EhStorShell.dll
0x74af0000 - 0x74be5000 	C:\Windows\system32\PROPSYS.dll
0x70100000 - 0x7016a000 	C:\Windows\System32\cscui.dll
0x700f0000 - 0x700f9000 	C:\Windows\System32\CSCDLL.dll
0x70080000 - 0x7008b000 	C:\Windows\system32\CSCAPI.dll
0x70010000 - 0x7007f000 	C:\Windows\system32\ntshrui.dll
0x75910000 - 0x75929000 	C:\Windows\system32\srvcli.dll
0x74040000 - 0x7404a000 	C:\Windows\system32\slc.dll
0x5ffb0000 - 0x5ffc6000 	C:\Program Files\Java\jdk1.8.0_144\jre\bin\net.dll
0x756e0000 - 0x7571c000 	C:\Windows\system32\mswsock.dll
0x756d0000 - 0x756d6000 	C:\Windows\System32\wship6.dll
0x6c3c0000 - 0x6c3cf000 	C:\Program Files\Java\jdk1.8.0_144\jre\bin\nio.dll
0x59cd0000 - 0x59d02000 	C:\Program Files\Java\jdk1.8.0_144\jre\bin\t2k.dll
0x5c920000 - 0x5cae3000 	C:\Windows\system32\d3d9.dll
0x5cc30000 - 0x5cc36000 	C:\Windows\system32\d3d8thk.dll
0x734b0000 - 0x734d4000 	C:\Program Files\Java\jdk1.8.0_144\jre\bin\dcpr.dll
0x01e70000 - 0x01e77000 	C:\Program Files\Internet Download Manager\idmmkb.dll
0x62380000 - 0x6238a000 	C:\Windows\System32\jRegistryKey.dll
0x61570000 - 0x6165b000 	C:\Windows\system32\dbghelp.dll

VM Arguments:
jvm_args: -Dfile.encoding=UTF-8 
java_command: javaapplication9.BackupRestore
java_class_path (initial): C:\Program Files\NetBeans 7.4\ide\modules\ext\mysql-connector-java-5.1.23-bin.jar;C:\Users\NDIAPPINK\Desktop\Program\sqlitejdbc-3.8.7.jar;C:\Users\NDIAPPINK\Documents\NetbeansProjects\SIP\src\SIP-Toko\Library\jRegistryKey.jar;C:\Users\NDIAPPINK\Documents\NetbeansProjects\JavaApplication9\build\classes
Launcher Type: SUN_STANDARD

Environment Variables:
PATH=C:\ProgramData\Oracle\Java\javapath;C:\Windows\system32;C:\Windows;C:\Windows\System32\Wbem;C:\Windows\System32\WindowsPowerShell\v1.0\;C:\Program Files\Microsoft SQL Server\100\Tools\Binn\;C:\Program Files\Microsoft SQL Server\100\DTS\Binn\;C:\AppServ\Apache2.2\bin;C:\AppServ\php5;C:\AppServ\MySQL\bin
USERNAME=NDIAPPINK
OS=Windows_NT
PROCESSOR_IDENTIFIER=x86 Family 6 Model 42 Stepping 7, GenuineIntel



---------------  S Y S T E M  ---------------

OS: Windows 7 Build 7600 (6.1.7600.16385)

CPU:total 2 (initial active 2) (2 cores per cpu, 1 threads per core) family 6 model 42 stepping 7, cmov, cx8, fxsr, mmx, sse, sse2, sse3, ssse3, sse4.1, sse4.2, popcnt, clmul, tsc, tscinvbit

Memory: 4k page, physical 3578600k(1769764k free), swap 7155436k(5213172k free)

vm_info: Java HotSpot(TM) Client VM (25.144-b01) for windows-x86 JRE (1.8.0_144-b01), built on Jul 21 2017 21:58:05 by "java_re" with MS VC++ 10.0 (VS2010)

time: Wed Nov 01 22:58:44 2017
elapsed time: 14 seconds (0d 0h 0m 14s)

