#
# A fatal error has been detected by the Java Runtime Environment:
#
#  EXCEPTION_ACCESS_VIOLATION (0xc0000005) at pc=0x77ce205b, pid=5456, tid=0x00001058
#
# JRE version: Java(TM) SE Runtime Environment (8.0_144-b01) (build 1.8.0_144-b01)
# Java VM: Java HotSpot(TM) Client VM (25.144-b01 mixed mode windows-x86 )
# Problematic frame:
# C  [ntdll.dll+0x5205b]
#
# Failed to write core dump. Minidumps are not enabled by default on client versions of Windows
#
# If you would like to submit a bug report, please visit:
#   http://bugreport.java.com/bugreport/crash.jsp
# The crash happened outside the Java Virtual Machine in native code.
# See problematic frame for where to report the bug.
#

---------------  T H R E A D  ---------------

Current thread (0x00ddcc00):  JavaThread "AWT-EventQueue-0" [_thread_in_native, id=4184, stack(0x15120000,0x15170000)]

siginfo: ExceptionCode=0xc0000005, writing address 0x027ec22a

Registers:
EAX=0x027ec22a, EBX=0x5548422b, ECX=0xdf05def7, EDX=0x0000df05
ESP=0x1516e150, EBP=0x1516e184, ESI=0x00b8fe70, EDI=0x55480000
EIP=0x77ce205b, EFLAGS=0x00010282

Top of Stack: (sp=0x1516e150)
0x1516e150:   00000000 00150000 14bf8290 00000010
0x1516e160:   00000000 027fc22a df05d843 00000000
0x1516e170:   00000410 1516e1d8 df04d843 00000001
0x1516e180:   14bf8288 1516e19c 77ce1faf 14bf8290
0x1516e190:   00000000 14bf8290 14bf8288 1516e1e8
0x1516e1a0:   763898cd 00150000 00000000 14bf8290
0x1516e1b0:   1b543b0c 00000000 00ddcd40 14bf8290
0x1516e1c0:   1516e190 041d2258 1516e998 76ae9332 

Instructions: (pc=0x77ce205b)
0x77ce203b:   08 2b 7d f4 33 c0 c1 ef 03 0f a4 f8 10 c1 e7 10
0x77ce204b:   c1 ea 10 0b df 0b c8 8b 06 c7 45 f8 01 00 00 00
0x77ce205b:   89 30 8b 45 e0 8b 55 e4 8d 7e 08 f0 0f c7 0f 3b
0x77ce206b:   45 e0 0f 85 fc 0f fd ff 3b 55 e4 0f 85 f3 0f fd 


Register to memory mapping:

EAX=0x027ec22a is an unknown value
EBX=0x5548422b is an unknown value
ECX=0xdf05def7 is an unknown value
EDX=0x0000df05 is an unknown value
ESP=0x1516e150 is pointing into the stack for thread: 0x00ddcc00
EBP=0x1516e184 is pointing into the stack for thread: 0x00ddcc00
ESI=0x00b8fe70 is an unknown value
EDI=0x55480000 is an unknown value


Stack: [0x15120000,0x15170000],  sp=0x1516e150,  free space=312k
Native frames: (J=compiled Java code, j=interpreted, Vv=VM code, C=native code)
C  [ntdll.dll+0x5205b]
C  [ntdll.dll+0x51faf]
C  [msvcrt.dll+0x98cd]
C  [jRegistryKey.dll+0x2fa0]
j  ca.beq.util.win32.registry.RegistryKey.setValue(Lca/beq/util/win32/registry/RegistryValue;)V+0
j  javaapplication9.BackupRestore.jButton5ActionPerformed(Ljava/awt/event/ActionEvent;)V+41
j  javaapplication9.BackupRestore.access$200(Ljavaapplication9/BackupRestore;Ljava/awt/event/ActionEvent;)V+2
j  javaapplication9.BackupRestore$3.actionPerformed(Ljava/awt/event/ActionEvent;)V+5
j  javax.swing.AbstractButton.fireActionPerformed(Ljava/awt/event/ActionEvent;)V+83
j  javax.swing.AbstractButton$Handler.actionPerformed(Ljava/awt/event/ActionEvent;)V+5
j  javax.swing.DefaultButtonModel.fireActionPerformed(Ljava/awt/event/ActionEvent;)V+34
j  javax.swing.DefaultButtonModel.setPressed(Z)V+117
j  javax.swing.plaf.basic.BasicButtonListener.mouseReleased(Ljava/awt/event/MouseEvent;)V+35
j  java.awt.Component.processMouseEvent(Ljava/awt/event/MouseEvent;)V+64
j  javax.swing.JComponent.processMouseEvent(Ljava/awt/event/MouseEvent;)V+23
j  java.awt.Component.processEvent(Ljava/awt/AWTEvent;)V+81
j  java.awt.Container.processEvent(Ljava/awt/AWTEvent;)V+18
j  java.awt.Component.dispatchEventImpl(Ljava/awt/AWTEvent;)V+589
j  java.awt.Container.dispatchEventImpl(Ljava/awt/AWTEvent;)V+42
j  java.awt.Component.dispatchEvent(Ljava/awt/AWTEvent;)V+2
j  java.awt.LightweightDispatcher.retargetMouseEvent(Ljava/awt/Component;ILjava/awt/event/MouseEvent;)V+327
j  java.awt.LightweightDispatcher.processMouseEvent(Ljava/awt/event/MouseEvent;)Z+155
j  java.awt.LightweightDispatcher.dispatchEvent(Ljava/awt/AWTEvent;)Z+50
j  java.awt.Container.dispatchEventImpl(Ljava/awt/AWTEvent;)V+12
j  java.awt.Window.dispatchEventImpl(Ljava/awt/AWTEvent;)V+19
j  java.awt.Component.dispatchEvent(Ljava/awt/AWTEvent;)V+2
j  java.awt.EventQueue.dispatchEventImpl(Ljava/awt/AWTEvent;Ljava/lang/Object;)V+41
j  java.awt.EventQueue.access$500(Ljava/awt/EventQueue;Ljava/awt/AWTEvent;Ljava/lang/Object;)V+3
j  java.awt.EventQueue$3.run()Ljava/lang/Void;+32
j  java.awt.EventQueue$3.run()Ljava/lang/Object;+1
v  ~StubRoutines::call_stub
V  [jvm.dll+0x15af45]
V  [jvm.dll+0x2213ae]
V  [jvm.dll+0x15afde]
V  [jvm.dll+0x10b2cf]
C  [java.dll+0x102f]
j  java.security.ProtectionDomain$JavaSecurityAccessImpl.doIntersectionPrivilege(Ljava/security/PrivilegedAction;Ljava/security/AccessControlContext;Ljava/security/AccessControlContext;)Ljava/lang/Object;+18
j  java.security.ProtectionDomain$JavaSecurityAccessImpl.doIntersectionPrivilege(Ljava/security/PrivilegedAction;Ljava/security/AccessControlContext;)Ljava/lang/Object;+6
j  java.awt.EventQueue$4.run()Ljava/lang/Void;+11
j  java.awt.EventQueue$4.run()Ljava/lang/Object;+1
v  ~StubRoutines::call_stub
V  [jvm.dll+0x15af45]
V  [jvm.dll+0x2213ae]
V  [jvm.dll+0x15afde]
V  [jvm.dll+0x10b2cf]
C  [java.dll+0x102f]
j  java.security.ProtectionDomain$JavaSecurityAccessImpl.doIntersectionPrivilege(Ljava/security/PrivilegedAction;Ljava/security/AccessControlContext;Ljava/security/AccessControlContext;)Ljava/lang/Object;+18
j  java.awt.EventQueue.dispatchEvent(Ljava/awt/AWTEvent;)V+73
j  java.awt.EventDispatchThread.pumpOneEventForFilters(I)V+245
j  java.awt.EventDispatchThread.pumpEventsForFilter(ILjava/awt/Conditional;Ljava/awt/EventFilter;)V+35
j  java.awt.EventDispatchThread.pumpEventsForHierarchy(ILjava/awt/Conditional;Ljava/awt/Component;)V+11
j  java.awt.EventDispatchThread.pumpEvents(ILjava/awt/Conditional;)V+4
j  java.awt.EventDispatchThread.pumpEvents(Ljava/awt/Conditional;)V+3
j  java.awt.EventDispatchThread.run()V+9
v  ~StubRoutines::call_stub
V  [jvm.dll+0x15af45]
V  [jvm.dll+0x2213ae]
V  [jvm.dll+0x15afde]
V  [jvm.dll+0x15b166]
V  [jvm.dll+0x15b1d7]
V  [jvm.dll+0xff36f]
V  [jvm.dll+0x17dc30]
V  [jvm.dll+0x17e4aa]
V  [jvm.dll+0x1c2ec6]
C  [msvcr100.dll+0x5c556]
C  [msvcr100.dll+0x5c600]
C  [kernel32.dll+0x51174]
C  [ntdll.dll+0x5b3f5]
C  [ntdll.dll+0x5b3c8]
C  0x00000000

Java frames: (J=compiled Java code, j=interpreted, Vv=VM code)
j  ca.beq.util.win32.registry.RegistryKey.setValue(Lca/beq/util/win32/registry/RegistryValue;)V+0
j  javaapplication9.BackupRestore.jButton5ActionPerformed(Ljava/awt/event/ActionEvent;)V+41
j  javaapplication9.BackupRestore.access$200(Ljavaapplication9/BackupRestore;Ljava/awt/event/ActionEvent;)V+2
j  javaapplication9.BackupRestore$3.actionPerformed(Ljava/awt/event/ActionEvent;)V+5
j  javax.swing.AbstractButton.fireActionPerformed(Ljava/awt/event/ActionEvent;)V+83
j  javax.swing.AbstractButton$Handler.actionPerformed(Ljava/awt/event/ActionEvent;)V+5
j  javax.swing.DefaultButtonModel.fireActionPerformed(Ljava/awt/event/ActionEvent;)V+34
j  javax.swing.DefaultButtonModel.setPressed(Z)V+117
j  javax.swing.plaf.basic.BasicButtonListener.mouseReleased(Ljava/awt/event/MouseEvent;)V+35
j  java.awt.Component.processMouseEvent(Ljava/awt/event/MouseEvent;)V+64
j  javax.swing.JComponent.processMouseEvent(Ljava/awt/event/MouseEvent;)V+23
j  java.awt.Component.processEvent(Ljava/awt/AWTEvent;)V+81
j  java.awt.Container.processEvent(Ljava/awt/AWTEvent;)V+18
j  java.awt.Component.dispatchEventImpl(Ljava/awt/AWTEvent;)V+589
j  java.awt.Container.dispatchEventImpl(Ljava/awt/AWTEvent;)V+42
j  java.awt.Component.dispatchEvent(Ljava/awt/AWTEvent;)V+2
j  java.awt.LightweightDispatcher.retargetMouseEvent(Ljava/awt/Component;ILjava/awt/event/MouseEvent;)V+327
j  java.awt.LightweightDispatcher.processMouseEvent(Ljava/awt/event/MouseEvent;)Z+155
j  java.awt.LightweightDispatcher.dispatchEvent(Ljava/awt/AWTEvent;)Z+50
j  java.awt.Container.dispatchEventImpl(Ljava/awt/AWTEvent;)V+12
j  java.awt.Window.dispatchEventImpl(Ljava/awt/AWTEvent;)V+19
j  java.awt.Component.dispatchEvent(Ljava/awt/AWTEvent;)V+2
j  java.awt.EventQueue.dispatchEventImpl(Ljava/awt/AWTEvent;Ljava/lang/Object;)V+41
j  java.awt.EventQueue.access$500(Ljava/awt/EventQueue;Ljava/awt/AWTEvent;Ljava/lang/Object;)V+3
j  java.awt.EventQueue$3.run()Ljava/lang/Void;+32
j  java.awt.EventQueue$3.run()Ljava/lang/Object;+1
v  ~StubRoutines::call_stub
j  java.security.AccessController.doPrivileged(Ljava/security/PrivilegedAction;Ljava/security/AccessControlContext;)Ljava/lang/Object;+0
j  java.security.ProtectionDomain$JavaSecurityAccessImpl.doIntersectionPrivilege(Ljava/security/PrivilegedAction;Ljava/security/AccessControlContext;Ljava/security/AccessControlContext;)Ljava/lang/Object;+18
j  java.security.ProtectionDomain$JavaSecurityAccessImpl.doIntersectionPrivilege(Ljava/security/PrivilegedAction;Ljava/security/AccessControlContext;)Ljava/lang/Object;+6
j  java.awt.EventQueue$4.run()Ljava/lang/Void;+11
j  java.awt.EventQueue$4.run()Ljava/lang/Object;+1
v  ~StubRoutines::call_stub
j  java.security.AccessController.doPrivileged(Ljava/security/PrivilegedAction;Ljava/security/AccessControlContext;)Ljava/lang/Object;+0
j  java.security.ProtectionDomain$JavaSecurityAccessImpl.doIntersectionPrivilege(Ljava/security/PrivilegedAction;Ljava/security/AccessControlContext;Ljava/security/AccessControlContext;)Ljava/lang/Object;+18
j  java.awt.EventQueue.dispatchEvent(Ljava/awt/AWTEvent;)V+73
j  java.awt.EventDispatchThread.pumpOneEventForFilters(I)V+245
j  java.awt.EventDispatchThread.pumpEventsForFilter(ILjava/awt/Conditional;Ljava/awt/EventFilter;)V+35
j  java.awt.EventDispatchThread.pumpEventsForHierarchy(ILjava/awt/Conditional;Ljava/awt/Component;)V+11
j  java.awt.EventDispatchThread.pumpEvents(ILjava/awt/Conditional;)V+4
j  java.awt.EventDispatchThread.pumpEvents(Ljava/awt/Conditional;)V+3
j  java.awt.EventDispatchThread.run()V+9
v  ~StubRoutines::call_stub

---------------  P R O C E S S  ---------------

Java Threads: ( => current thread )
  0x14be0800 JavaThread "TimerQueue" daemon [_thread_blocked, id=3800, stack(0x157e0000,0x15830000)]
  0x0070bc00 JavaThread "DestroyJavaVM" [_thread_blocked, id=2296, stack(0x006b0000,0x00700000)]
=>0x00ddcc00 JavaThread "AWT-EventQueue-0" [_thread_in_native, id=4184, stack(0x15120000,0x15170000)]
  0x00daa000 JavaThread "AWT-Windows" daemon [_thread_in_native, id=2300, stack(0x01f60000,0x01fb0000)]
  0x00da7000 JavaThread "AWT-Shutdown" [_thread_blocked, id=3564, stack(0x144a0000,0x144f0000)]
  0x00da4800 JavaThread "Java2D Disposer" daemon [_thread_blocked, id=5192, stack(0x00f80000,0x00fd0000)]
  0x00c36c00 JavaThread "Service Thread" daemon [_thread_blocked, id=5904, stack(0x01e10000,0x01e60000)]
  0x00c3cc00 JavaThread "C1 CompilerThread0" daemon [_thread_blocked, id=168, stack(0x01d60000,0x01db0000)]
  0x00c3c000 JavaThread "Attach Listener" daemon [_thread_blocked, id=6068, stack(0x00eb0000,0x00f00000)]
  0x00c39000 JavaThread "Signal Dispatcher" daemon [_thread_blocked, id=4476, stack(0x01d10000,0x01d60000)]
  0x00c18c00 JavaThread "Finalizer" daemon [_thread_blocked, id=8072, stack(0x007b0000,0x00800000)]
  0x00bf2400 JavaThread "Reference Handler" daemon [_thread_blocked, id=7404, stack(0x00f30000,0x00f80000)]

Other Threads:
  0x00bec800 VMThread [stack: 0x00840000,0x00890000] [id=4732]
  0x00c5f800 WatcherThread [stack: 0x01ec0000,0x01f10000] [id=6052]

VM state:not at safepoint (normal execution)

VM Mutex/Monitor currently owned by a thread: None

Heap:
 def new generation   total 4928K, used 3014K [0x04000000, 0x04550000, 0x09550000)
  eden space 4416K,  56% used [0x04000000, 0x04271af0, 0x04450000)
  from space 512K, 100% used [0x044d0000, 0x04550000, 0x04550000)
  to   space 512K,   0% used [0x04450000, 0x04450000, 0x044d0000)
 tenured generation   total 10944K, used 1219K [0x09550000, 0x0a000000, 0x14000000)
   the space 10944K,  11% used [0x09550000, 0x09680c60, 0x09680e00, 0x0a000000)
 Metaspace       used 7599K, capacity 7773K, committed 7936K, reserved 8576K

Card table byte_map: [0x00710000,0x007a0000] byte_map_base: 0x006f0000

Polling page: 0x001b0000

CodeCache: size=32768Kb used=941Kb max_used=941Kb free=31826Kb
 bounds [0x02000000, 0x020f0000, 0x04000000]
 total_blobs=456 nmethods=227 adapters=160
 compilation: enabled

Compilation events (10 events):
Event: 6.122 Thread 0x00c3cc00  224             java.lang.Integer::valueOf (32 bytes)
Event: 6.122 Thread 0x00c3cc00 nmethod 224 0x020d0c88 code [0x020d0d80, 0x020d0e70]
Event: 6.278 Thread 0x00c3cc00  225             sun.awt.AWTAutoShutdown::getInstance (4 bytes)
Event: 6.278 Thread 0x00c3cc00 nmethod 225 0x020d0ac8 code [0x020d0bc0, 0x020d0c30]
Event: 6.278 Thread 0x00c3cc00  226             sun.util.logging.PlatformLogger$DefaultLoggerProxy::isLoggable (29 bytes)
Event: 6.279 Thread 0x00c3cc00 nmethod 226 0x020eaf08 code [0x020eb010, 0x020eb100]
Event: 6.279 Thread 0x00c3cc00  227             java.util.concurrent.locks.AbstractOwnableSynchronizer::getExclusiveOwnerThread (5 bytes)
Event: 6.279 Thread 0x00c3cc00 nmethod 227 0x020eb248 code [0x020eb340, 0x020eb3c0]
Event: 6.279 Thread 0x00c3cc00  228             sun.util.logging.PlatformLogger::isLoggable (38 bytes)
Event: 6.280 Thread 0x00c3cc00 nmethod 228 0x020eb408 code [0x020eb520, 0x020eb654]

GC Heap History (2 events):
Event: 0.572 GC heap before
{Heap before GC invocations=0 (full 0):
 def new generation   total 4928K, used 4416K [0x04000000, 0x04550000, 0x09550000)
  eden space 4416K, 100% used [0x04000000, 0x04450000, 0x04450000)
  from space 512K,   0% used [0x04450000, 0x04450000, 0x044d0000)
  to   space 512K,   0% used [0x044d0000, 0x044d0000, 0x04550000)
 tenured generation   total 10944K, used 0K [0x09550000, 0x0a000000, 0x14000000)
   the space 10944K,   0% used [0x09550000, 0x09550000, 0x09550200, 0x0a000000)
 Metaspace       used 7113K, capacity 7312K, committed 7424K, reserved 7552K
Event: 0.581 GC heap after
Heap after GC invocations=1 (full 0):
 def new generation   total 4928K, used 512K [0x04000000, 0x04550000, 0x09550000)
  eden space 4416K,   0% used [0x04000000, 0x04000000, 0x04450000)
  from space 512K, 100% used [0x044d0000, 0x04550000, 0x04550000)
  to   space 512K,   0% used [0x04450000, 0x04450000, 0x044d0000)
 tenured generation   total 10944K, used 1219K [0x09550000, 0x0a000000, 0x14000000)
   the space 10944K,  11% used [0x09550000, 0x09680c60, 0x09680e00, 0x0a000000)
 Metaspace       used 7113K, capacity 7312K, committed 7424K, reserved 7552K
}

Deoptimization events (0 events):
No events

Internal exceptions (10 events):
Event: 0.351 Thread 0x0070bc00 Exception <a 'java/lang/ClassNotFoundException': ToggleButton> (0x042c46e8) thrown at [C:\workspace\8-2-build-windows-i586-cygwin\jdk8u144\9417\hotspot\src\share\vm\classfile\systemDictionary.cpp, line 210]
Event: 0.351 Thread 0x0070bc00 Exception <a 'java/lang/ClassNotFoundException': javax/swing/JToolBarSeparator> (0x042c4af0) thrown at [C:\workspace\8-2-build-windows-i586-cygwin\jdk8u144\9417\hotspot\src\share\vm\classfile\systemDictionary.cpp, line 210]
Event: 0.351 Thread 0x0070bc00 Exception <a 'java/lang/ClassNotFoundException': ToolBarSeparator> (0x042c4f48) thrown at [C:\workspace\8-2-build-windows-i586-cygwin\jdk8u144\9417\hotspot\src\share\vm\classfile\systemDictionary.cpp, line 210]
Event: 0.351 Thread 0x0070bc00 Exception <a 'java/lang/ClassNotFoundException': ToolTip> (0x042c55f0) thrown at [C:\workspace\8-2-build-windows-i586-cygwin\jdk8u144\9417\hotspot\src\share\vm\classfile\systemDictionary.cpp, line 210]
Event: 0.353 Thread 0x0070bc00 Exception <a 'java/lang/ClassNotFoundException': Tree> (0x042c60d8) thrown at [C:\workspace\8-2-build-windows-i586-cygwin\jdk8u144\9417\hotspot\src\share\vm\classfile\systemDictionary.cpp, line 210]
Event: 0.353 Thread 0x0070bc00 Exception <a 'java/lang/ClassNotFoundException': Tree> (0x042c6778) thrown at [C:\workspace\8-2-build-windows-i586-cygwin\jdk8u144\9417\hotspot\src\share\vm\classfile\systemDictionary.cpp, line 210]
Event: 0.353 Thread 0x0070bc00 Exception <a 'java/lang/ClassNotFoundException': javax/swing/JTreeCell> (0x042c6ab0) thrown at [C:\workspace\8-2-build-windows-i586-cygwin\jdk8u144\9417\hotspot\src\share\vm\classfile\systemDictionary.cpp, line 210]
Event: 0.353 Thread 0x0070bc00 Exception <a 'java/lang/ClassNotFoundException': TreeCell> (0x042c6ef8) thrown at [C:\workspace\8-2-build-windows-i586-cygwin\jdk8u144\9417\hotspot\src\share\vm\classfile\systemDictionary.cpp, line 210]
Event: 0.353 Thread 0x0070bc00 Exception <a 'java/lang/ClassNotFoundException': RootPane> (0x042c77d8) thrown at [C:\workspace\8-2-build-windows-i586-cygwin\jdk8u144\9417\hotspot\src\share\vm\classfile\systemDictionary.cpp, line 210]
Event: 5.305 Thread 0x00ddcc00 Exception <a 'java/lang/UnsatisfiedLinkError': ca.beq.util.win32.registry.RegistryKey.testInitialized()V> (0x041c7558) thrown at [C:\workspace\8-2-build-windows-i586-cygwin\jdk8u144\9417\hotspot\src\share\vm\prims\nativeLookup.cpp, line 378]

Events (10 events):
Event: 5.370 loading class java/awt/geom/EllipseIterator
Event: 5.370 loading class java/awt/geom/EllipseIterator done
Event: 6.266 loading class java/awt/KeyboardFocusManager$2
Event: 6.267 loading class java/awt/KeyboardFocusManager$2 done
Event: 6.267 loading class sun/awt/SunToolkit$1
Event: 6.267 loading class sun/awt/SunToolkit$1 done
Event: 6.273 loading class java/awt/Window$1DisposeAction
Event: 6.274 loading class java/awt/Window$1DisposeAction done
Event: 6.277 loading class java/awt/LightweightDispatcher$2
Event: 6.277 loading class java/awt/LightweightDispatcher$2 done


Dynamic libraries:
0x00fe0000 - 0x01013000 	C:\Program Files\Java\jdk1.8.0_144\bin\java.exe
0x77c90000 - 0x77dcc000 	C:\Windows\SYSTEM32\ntdll.dll
0x76a40000 - 0x76b14000 	C:\Windows\system32\kernel32.dll
0x75f80000 - 0x75fca000 	C:\Windows\system32\KERNELBASE.dll
0x76c00000 - 0x76ca0000 	C:\Windows\system32\ADVAPI32.dll
0x76380000 - 0x7642c000 	C:\Windows\system32\msvcrt.dll
0x77ea0000 - 0x77eb9000 	C:\Windows\SYSTEM32\sechost.dll
0x76ca0000 - 0x76d41000 	C:\Windows\system32\RPCRT4.dll
0x768e0000 - 0x769a9000 	C:\Windows\system32\USER32.dll
0x77de0000 - 0x77e2e000 	C:\Windows\system32\GDI32.dll
0x76020000 - 0x7602a000 	C:\Windows\system32\LPK.dll
0x762e0000 - 0x7637d000 	C:\Windows\system32\USP10.dll
0x74cb0000 - 0x74e4e000 	C:\Windows\WinSxS\x86_microsoft.windows.common-controls_6595b64144ccf1df_6.0.7600.16385_none_421189da2b7fabfc\COMCTL32.dll
0x77e40000 - 0x77e97000 	C:\Windows\system32\SHLWAPI.dll
0x76be0000 - 0x76bff000 	C:\Windows\system32\IMM32.DLL
0x76200000 - 0x762cc000 	C:\Windows\system32\MSCTF.dll
0x5e3b0000 - 0x5e46f000 	C:\Program Files\Java\jdk1.8.0_144\jre\bin\msvcr100.dll
0x5c670000 - 0x5ca3e000 	C:\Program Files\Java\jdk1.8.0_144\jre\bin\client\jvm.dll
0x6feb0000 - 0x6feb7000 	C:\Windows\system32\WSOCK32.dll
0x76b20000 - 0x76b55000 	C:\Windows\system32\WS2_32.dll
0x762d0000 - 0x762d6000 	C:\Windows\system32\NSI.dll
0x70800000 - 0x70832000 	C:\Windows\system32\WINMM.dll
0x75220000 - 0x75229000 	C:\Windows\system32\VERSION.dll
0x77dd0000 - 0x77dd5000 	C:\Windows\system32\PSAPI.DLL
0x74290000 - 0x7429c000 	C:\Program Files\Java\jdk1.8.0_144\jre\bin\verify.dll
0x6a920000 - 0x6a941000 	C:\Program Files\Java\jdk1.8.0_144\jre\bin\java.dll
0x6c780000 - 0x6c793000 	C:\Program Files\Java\jdk1.8.0_144\jre\bin\zip.dll
0x76d50000 - 0x77a5c000 	C:\Windows\system32\SHELL32.dll
0x76430000 - 0x7658c000 	C:\Windows\system32\ole32.dll
0x75d20000 - 0x75d2b000 	C:\Windows\system32\profapi.dll
0x5d1b0000 - 0x5d2f5000 	C:\Program Files\Java\jdk1.8.0_144\jre\bin\awt.dll
0x77a60000 - 0x77aef000 	C:\Windows\system32\OLEAUT32.dll
0x74a10000 - 0x74a50000 	C:\Windows\system32\uxtheme.dll
0x5bda0000 - 0x5bdf7000 	C:\Program Files\Bandicam\bdcam.dll
0x74720000 - 0x74733000 	C:\Windows\system32\dwmapi.dll
0x75c70000 - 0x75c7c000 	C:\Windows\system32\CRYPTBASE.dll
0x5ea30000 - 0x5ea69000 	C:\Program Files\Java\jdk1.8.0_144\jre\bin\fontmanager.dll
0x64f70000 - 0x65038000 	C:\Windows\system32\opengl32.dll
0x68320000 - 0x68342000 	C:\Windows\system32\GLU32.dll
0x5e250000 - 0x5e337000 	C:\Windows\system32\DDRAW.dll
0x6dd10000 - 0x6dd16000 	C:\Windows\system32\DCIMAN32.dll
0x77af0000 - 0x77c8d000 	C:\Windows\system32\SETUPAPI.dll
0x75da0000 - 0x75dc7000 	C:\Windows\system32\CFGMGR32.dll
0x76000000 - 0x76012000 	C:\Windows\system32\DEVOBJ.dll
0x769b0000 - 0x76a33000 	C:\Windows\system32\CLBCatQ.DLL
0x74350000 - 0x7444b000 	C:\Windows\system32\WindowsCodecs.dll
0x75c20000 - 0x75c6b000 	C:\Windows\system32\apphelp.dll
0x6f850000 - 0x6f857000 	C:\Program Files\Internet Download Manager\IDMShellExt.dll
0x6f7d0000 - 0x6f801000 	C:\Windows\system32\EhStorShell.dll
0x74a90000 - 0x74b85000 	C:\Windows\system32\PROPSYS.dll
0x704f0000 - 0x7055a000 	C:\Windows\System32\cscui.dll
0x70110000 - 0x70119000 	C:\Windows\System32\CSCDLL.dll
0x6f860000 - 0x6f86b000 	C:\Windows\system32\CSCAPI.dll
0x700a0000 - 0x7010f000 	C:\Windows\system32\ntshrui.dll
0x75990000 - 0x759a9000 	C:\Windows\system32\srvcli.dll
0x744d0000 - 0x744da000 	C:\Windows\system32\slc.dll
0x68350000 - 0x68366000 	C:\Program Files\Java\jdk1.8.0_144\jre\bin\net.dll
0x75760000 - 0x7579c000 	C:\Windows\system32\mswsock.dll
0x75750000 - 0x75756000 	C:\Windows\System32\wship6.dll
0x73f90000 - 0x73f9f000 	C:\Program Files\Java\jdk1.8.0_144\jre\bin\nio.dll
0x5e8d0000 - 0x5e902000 	C:\Program Files\Java\jdk1.8.0_144\jre\bin\t2k.dll
0x60b70000 - 0x60d33000 	C:\Windows\system32\d3d9.dll
0x60b60000 - 0x60b66000 	C:\Windows\system32\d3d8thk.dll
0x5e940000 - 0x5e964000 	C:\Program Files\Java\jdk1.8.0_144\jre\bin\dcpr.dll
0x01d00000 - 0x01d07000 	C:\Program Files\Internet Download Manager\idmmkb.dll
0x62380000 - 0x6238a000 	C:\Windows\System32\jRegistryKey.dll
0x5f010000 - 0x5f0fb000 	C:\Windows\system32\dbghelp.dll

VM Arguments:
jvm_args: -Dfile.encoding=UTF-8 
java_command: javaapplication9.BackupRestore
java_class_path (initial): C:\Program Files\NetBeans 7.4\ide\modules\ext\mysql-connector-java-5.1.23-bin.jar;C:\Users\NDIAPPINK\Desktop\Program\sqlitejdbc-3.8.7.jar;C:\Users\NDIAPPINK\Documents\NetbeansProjects\SIP\src\SIP-Toko\Library\jRegistryKey.jar;C:\Users\NDIAPPINK\Documents\NetbeansProjects\JavaApplication9\build\classes
Launcher Type: SUN_STANDARD

Environment Variables:
PATH=C:\ProgramData\Oracle\Java\javapath;C:\Windows\system32;C:\Windows;C:\Windows\System32\Wbem;C:\Windows\System32\WindowsPowerShell\v1.0\;C:\Program Files\Microsoft SQL Server\100\Tools\Binn\;C:\Program Files\Microsoft SQL Server\100\DTS\Binn\;C:\AppServ\Apache2.2\bin;C:\AppServ\php5;C:\AppServ\MySQL\bin
USERNAME=NDIAPPINK
OS=Windows_NT
PROCESSOR_IDENTIFIER=x86 Family 6 Model 42 Stepping 7, GenuineIntel



---------------  S Y S T E M  ---------------

OS: Windows 7 Build 7600 (6.1.7600.16385)

CPU:total 2 (initial active 2) (2 cores per cpu, 1 threads per core) family 6 model 42 stepping 7, cmov, cx8, fxsr, mmx, sse, sse2, sse3, ssse3, sse4.1, sse4.2, popcnt, clmul, tsc, tscinvbit

Memory: 4k page, physical 3578600k(922492k free), swap 7155436k(3437800k free)

vm_info: Java HotSpot(TM) Client VM (25.144-b01) for windows-x86 JRE (1.8.0_144-b01), built on Jul 21 2017 21:58:05 by "java_re" with MS VC++ 10.0 (VS2010)

time: Sat Oct 28 11:34:55 2017
elapsed time: 6 seconds (0d 0h 0m 6s)

