#
# A fatal error has been detected by the Java Runtime Environment:
#
#  EXCEPTION_ACCESS_VIOLATION (0xc0000005) at pc=0x77ce1ffe, pid=6084, tid=0x000001ec
#
# JRE version: Java(TM) SE Runtime Environment (8.0_144-b01) (build 1.8.0_144-b01)
# Java VM: Java HotSpot(TM) Client VM (25.144-b01 mixed mode windows-x86 )
# Problematic frame:
# C  [ntdll.dll+0x51ffe]
#
# Failed to write core dump. Minidumps are not enabled by default on client versions of Windows
#
# If you would like to submit a bug report, please visit:
#   http://bugreport.java.com/bugreport/crash.jsp
# The crash happened outside the Java Virtual Machine in native code.
# See problematic frame for where to report the bug.
#

---------------  T H R E A D  ---------------

Current thread (0x01e27000):  JavaThread "AWT-EventQueue-0" [_thread_in_native, id=492, stack(0x15140000,0x15190000)]

siginfo: ExceptionCode=0xc0000005, reading address 0x00c07be4

Registers:
EAX=0x4fdfc7e3, EBX=0x14dace98, ECX=0x00140000, EDX=0x14dace98
ESP=0x1518e530, EBP=0x1518e564, ESI=0x00c07be0, EDI=0x14dace90
EIP=0x77ce1ffe, EFLAGS=0x00010202

Top of Stack: (sp=0x1518e530)
0x1518e530:   00000000 00140000 14dace98 00000010
0x1518e540:   00000000 00000000 00000000 00000000
0x1518e550:   000003ec 1518e5b8 76a8ca03 00000000
0x1518e560:   14dace90 1518e57c 77ce1faf 14dace98
0x1518e570:   00000000 14dace98 14dace90 1518e5c8
0x1518e580:   763898cd 00140000 00000000 14dace98
0x1518e590:   e3c056ac 00000000 01e27140 14dace98
0x1518e5a0:   1518e570 041cc430 1518ed78 76ae9332 

Instructions: (pc=0x77ce1ffe)
0x77ce1fde:   7a f8 80 7f 07 05 0f 84 58 df 03 00 8b 07 8b f7
0x77ce1fee:   c1 ee 03 33 f0 33 35 dc 71 d6 77 89 7d fc 33 f1
0x77ce1ffe:   8b 46 04 89 45 f4 c6 47 07 80 c6 47 06 00 8b 5e
0x77ce200e:   08 8b 4e 0c 89 5d e0 83 c3 01 89 4d e4 83 d1 01 


Register to memory mapping:

EAX=0x4fdfc7e3 is an unknown value
EBX=0x14dace98 is an unknown value
ECX=0x00140000 is an unknown value
EDX=0x14dace98 is an unknown value
ESP=0x1518e530 is pointing into the stack for thread: 0x01e27000
EBP=0x1518e564 is pointing into the stack for thread: 0x01e27000
ESI=0x00c07be0 is an unknown value
EDI=0x14dace90 is an unknown value


Stack: [0x15140000,0x15190000],  sp=0x1518e530,  free space=313k
Native frames: (J=compiled Java code, j=interpreted, Vv=VM code, C=native code)
C  [ntdll.dll+0x51ffe]
C  [ntdll.dll+0x51faf]
C  [msvcrt.dll+0x98cd]
C  [jRegistryKey.dll+0x2fa0]
j  ca.beq.util.win32.registry.RegistryKey.setValue(Lca/beq/util/win32/registry/RegistryValue;)V+0
j  javaapplication9.BackupRestore.jButton3ActionPerformed(Ljava/awt/event/ActionEvent;)V+35
j  javaapplication9.BackupRestore.access$200(Ljavaapplication9/BackupRestore;Ljava/awt/event/ActionEvent;)V+2
j  javaapplication9.BackupRestore$3.actionPerformed(Ljava/awt/event/ActionEvent;)V+5
j  javax.swing.AbstractButton.fireActionPerformed(Ljava/awt/event/ActionEvent;)V+83
j  javax.swing.AbstractButton$Handler.actionPerformed(Ljava/awt/event/ActionEvent;)V+5
j  javax.swing.DefaultButtonModel.fireActionPerformed(Ljava/awt/event/ActionEvent;)V+34
j  javax.swing.DefaultButtonModel.setPressed(Z)V+117
j  javax.swing.plaf.basic.BasicButtonListener.mouseReleased(Ljava/awt/event/MouseEvent;)V+35
j  java.awt.Component.processMouseEvent(Ljava/awt/event/MouseEvent;)V+64
j  javax.swing.JComponent.processMouseEvent(Ljava/awt/event/MouseEvent;)V+23
j  java.awt.Component.processEvent(Ljava/awt/AWTEvent;)V+81
j  java.awt.Container.processEvent(Ljava/awt/AWTEvent;)V+18
j  java.awt.Component.dispatchEventImpl(Ljava/awt/AWTEvent;)V+589
j  java.awt.Container.dispatchEventImpl(Ljava/awt/AWTEvent;)V+42
j  java.awt.Component.dispatchEvent(Ljava/awt/AWTEvent;)V+2
j  java.awt.LightweightDispatcher.retargetMouseEvent(Ljava/awt/Component;ILjava/awt/event/MouseEvent;)V+327
j  java.awt.LightweightDispatcher.processMouseEvent(Ljava/awt/event/MouseEvent;)Z+155
j  java.awt.LightweightDispatcher.dispatchEvent(Ljava/awt/AWTEvent;)Z+50
j  java.awt.Container.dispatchEventImpl(Ljava/awt/AWTEvent;)V+12
j  java.awt.Window.dispatchEventImpl(Ljava/awt/AWTEvent;)V+19
j  java.awt.Component.dispatchEvent(Ljava/awt/AWTEvent;)V+2
j  java.awt.EventQueue.dispatchEventImpl(Ljava/awt/AWTEvent;Ljava/lang/Object;)V+41
j  java.awt.EventQueue.access$500(Ljava/awt/EventQueue;Ljava/awt/AWTEvent;Ljava/lang/Object;)V+3
j  java.awt.EventQueue$3.run()Ljava/lang/Void;+32
j  java.awt.EventQueue$3.run()Ljava/lang/Object;+1
v  ~StubRoutines::call_stub
V  [jvm.dll+0x15af45]
V  [jvm.dll+0x2213ae]
V  [jvm.dll+0x15afde]
V  [jvm.dll+0x10b2cf]
C  [java.dll+0x102f]
j  java.security.ProtectionDomain$JavaSecurityAccessImpl.doIntersectionPrivilege(Ljava/security/PrivilegedAction;Ljava/security/AccessControlContext;Ljava/security/AccessControlContext;)Ljava/lang/Object;+18
j  java.security.ProtectionDomain$JavaSecurityAccessImpl.doIntersectionPrivilege(Ljava/security/PrivilegedAction;Ljava/security/AccessControlContext;)Ljava/lang/Object;+6
j  java.awt.EventQueue$4.run()Ljava/lang/Void;+11
j  java.awt.EventQueue$4.run()Ljava/lang/Object;+1
v  ~StubRoutines::call_stub
V  [jvm.dll+0x15af45]
V  [jvm.dll+0x2213ae]
V  [jvm.dll+0x15afde]
V  [jvm.dll+0x10b2cf]
C  [java.dll+0x102f]
j  java.security.ProtectionDomain$JavaSecurityAccessImpl.doIntersectionPrivilege(Ljava/security/PrivilegedAction;Ljava/security/AccessControlContext;Ljava/security/AccessControlContext;)Ljava/lang/Object;+18
j  java.awt.EventQueue.dispatchEvent(Ljava/awt/AWTEvent;)V+73
j  java.awt.EventDispatchThread.pumpOneEventForFilters(I)V+245
j  java.awt.EventDispatchThread.pumpEventsForFilter(ILjava/awt/Conditional;Ljava/awt/EventFilter;)V+35
j  java.awt.EventDispatchThread.pumpEventsForHierarchy(ILjava/awt/Conditional;Ljava/awt/Component;)V+11
j  java.awt.EventDispatchThread.pumpEvents(ILjava/awt/Conditional;)V+4
j  java.awt.EventDispatchThread.pumpEvents(Ljava/awt/Conditional;)V+3
j  java.awt.EventDispatchThread.run()V+9
v  ~StubRoutines::call_stub
V  [jvm.dll+0x15af45]
V  [jvm.dll+0x2213ae]
V  [jvm.dll+0x15afde]
V  [jvm.dll+0x15b166]
V  [jvm.dll+0x15b1d7]
V  [jvm.dll+0xff36f]
V  [jvm.dll+0x17dc30]
V  [jvm.dll+0x17e4aa]
V  [jvm.dll+0x1c2ec6]
C  [msvcr100.dll+0x5c556]
C  [msvcr100.dll+0x5c600]
C  [kernel32.dll+0x51174]
C  [ntdll.dll+0x5b3f5]
C  [ntdll.dll+0x5b3c8]
C  0x00000000

Java frames: (J=compiled Java code, j=interpreted, Vv=VM code)
j  ca.beq.util.win32.registry.RegistryKey.setValue(Lca/beq/util/win32/registry/RegistryValue;)V+0
j  javaapplication9.BackupRestore.jButton3ActionPerformed(Ljava/awt/event/ActionEvent;)V+35
j  javaapplication9.BackupRestore.access$200(Ljavaapplication9/BackupRestore;Ljava/awt/event/ActionEvent;)V+2
j  javaapplication9.BackupRestore$3.actionPerformed(Ljava/awt/event/ActionEvent;)V+5
j  javax.swing.AbstractButton.fireActionPerformed(Ljava/awt/event/ActionEvent;)V+83
j  javax.swing.AbstractButton$Handler.actionPerformed(Ljava/awt/event/ActionEvent;)V+5
j  javax.swing.DefaultButtonModel.fireActionPerformed(Ljava/awt/event/ActionEvent;)V+34
j  javax.swing.DefaultButtonModel.setPressed(Z)V+117
j  javax.swing.plaf.basic.BasicButtonListener.mouseReleased(Ljava/awt/event/MouseEvent;)V+35
j  java.awt.Component.processMouseEvent(Ljava/awt/event/MouseEvent;)V+64
j  javax.swing.JComponent.processMouseEvent(Ljava/awt/event/MouseEvent;)V+23
j  java.awt.Component.processEvent(Ljava/awt/AWTEvent;)V+81
j  java.awt.Container.processEvent(Ljava/awt/AWTEvent;)V+18
j  java.awt.Component.dispatchEventImpl(Ljava/awt/AWTEvent;)V+589
j  java.awt.Container.dispatchEventImpl(Ljava/awt/AWTEvent;)V+42
j  java.awt.Component.dispatchEvent(Ljava/awt/AWTEvent;)V+2
j  java.awt.LightweightDispatcher.retargetMouseEvent(Ljava/awt/Component;ILjava/awt/event/MouseEvent;)V+327
j  java.awt.LightweightDispatcher.processMouseEvent(Ljava/awt/event/MouseEvent;)Z+155
j  java.awt.LightweightDispatcher.dispatchEvent(Ljava/awt/AWTEvent;)Z+50
j  java.awt.Container.dispatchEventImpl(Ljava/awt/AWTEvent;)V+12
j  java.awt.Window.dispatchEventImpl(Ljava/awt/AWTEvent;)V+19
j  java.awt.Component.dispatchEvent(Ljava/awt/AWTEvent;)V+2
j  java.awt.EventQueue.dispatchEventImpl(Ljava/awt/AWTEvent;Ljava/lang/Object;)V+41
j  java.awt.EventQueue.access$500(Ljava/awt/EventQueue;Ljava/awt/AWTEvent;Ljava/lang/Object;)V+3
j  java.awt.EventQueue$3.run()Ljava/lang/Void;+32
j  java.awt.EventQueue$3.run()Ljava/lang/Object;+1
v  ~StubRoutines::call_stub
j  java.security.AccessController.doPrivileged(Ljava/security/PrivilegedAction;Ljava/security/AccessControlContext;)Ljava/lang/Object;+0
j  java.security.ProtectionDomain$JavaSecurityAccessImpl.doIntersectionPrivilege(Ljava/security/PrivilegedAction;Ljava/security/AccessControlContext;Ljava/security/AccessControlContext;)Ljava/lang/Object;+18
j  java.security.ProtectionDomain$JavaSecurityAccessImpl.doIntersectionPrivilege(Ljava/security/PrivilegedAction;Ljava/security/AccessControlContext;)Ljava/lang/Object;+6
j  java.awt.EventQueue$4.run()Ljava/lang/Void;+11
j  java.awt.EventQueue$4.run()Ljava/lang/Object;+1
v  ~StubRoutines::call_stub
j  java.security.AccessController.doPrivileged(Ljava/security/PrivilegedAction;Ljava/security/AccessControlContext;)Ljava/lang/Object;+0
j  java.security.ProtectionDomain$JavaSecurityAccessImpl.doIntersectionPrivilege(Ljava/security/PrivilegedAction;Ljava/security/AccessControlContext;Ljava/security/AccessControlContext;)Ljava/lang/Object;+18
j  java.awt.EventQueue.dispatchEvent(Ljava/awt/AWTEvent;)V+73
j  java.awt.EventDispatchThread.pumpOneEventForFilters(I)V+245
j  java.awt.EventDispatchThread.pumpEventsForFilter(ILjava/awt/Conditional;Ljava/awt/EventFilter;)V+35
j  java.awt.EventDispatchThread.pumpEventsForHierarchy(ILjava/awt/Conditional;Ljava/awt/Component;)V+11
j  java.awt.EventDispatchThread.pumpEvents(ILjava/awt/Conditional;)V+4
j  java.awt.EventDispatchThread.pumpEvents(Ljava/awt/Conditional;)V+3
j  java.awt.EventDispatchThread.run()V+9
v  ~StubRoutines::call_stub

---------------  P R O C E S S  ---------------

Java Threads: ( => current thread )
  0x14da8400 JavaThread "TimerQueue" daemon [_thread_blocked, id=7488, stack(0x157d0000,0x15820000)]
  0x0136bc00 JavaThread "DestroyJavaVM" [_thread_blocked, id=5516, stack(0x01450000,0x014a0000)]
=>0x01e27000 JavaThread "AWT-EventQueue-0" [_thread_in_native, id=492, stack(0x15140000,0x15190000)]
  0x01deb400 JavaThread "AWT-Windows" daemon [_thread_in_native, id=5676, stack(0x14560000,0x145b0000)]
  0x01dea400 JavaThread "AWT-Shutdown" [_thread_blocked, id=7688, stack(0x145d0000,0x14620000)]
  0x01de7800 JavaThread "Java2D Disposer" daemon [_thread_blocked, id=7736, stack(0x14480000,0x144d0000)]
  0x01c84400 JavaThread "Service Thread" daemon [_thread_blocked, id=5852, stack(0x14430000,0x14480000)]
  0x01c8d400 JavaThread "C1 CompilerThread0" daemon [_thread_blocked, id=2732, stack(0x14360000,0x143b0000)]
  0x01c8c000 JavaThread "Attach Listener" daemon [_thread_blocked, id=3948, stack(0x14290000,0x142e0000)]
  0x01c89000 JavaThread "Signal Dispatcher" daemon [_thread_blocked, id=3776, stack(0x14100000,0x14150000)]
  0x01c68c00 JavaThread "Finalizer" daemon [_thread_blocked, id=4984, stack(0x01ee0000,0x01f30000)]
  0x01c42400 JavaThread "Reference Handler" daemon [_thread_blocked, id=5492, stack(0x01e80000,0x01ed0000)]

Other Threads:
  0x01c3c800 VMThread [stack: 0x01f70000,0x01fc0000] [id=6568]
  0x01c86000 WatcherThread [stack: 0x01400000,0x01450000] [id=5296]

VM state:not at safepoint (normal execution)

VM Mutex/Monitor currently owned by a thread: None

Heap:
 def new generation   total 4928K, used 2371K [0x04000000, 0x04550000, 0x09550000)
  eden space 4416K,  42% used [0x04000000, 0x041d0e58, 0x04450000)
  from space 512K, 100% used [0x044d0000, 0x04550000, 0x04550000)
  to   space 512K,   0% used [0x04450000, 0x04450000, 0x044d0000)
 tenured generation   total 10944K, used 1250K [0x09550000, 0x0a000000, 0x14000000)
   the space 10944K,  11% used [0x09550000, 0x09688920, 0x09688a00, 0x0a000000)
 Metaspace       used 7388K, capacity 7568K, committed 7680K, reserved 8576K

Card table byte_map: [0x01370000,0x01400000] byte_map_base: 0x01350000

Polling page: 0x002d0000

CodeCache: size=32768Kb used=925Kb max_used=925Kb free=31842Kb
 bounds [0x02000000, 0x020e8000, 0x04000000]
 total_blobs=426 nmethods=199 adapters=158
 compilation: enabled

Compilation events (10 events):
Event: 3.557 Thread 0x01c8d400  195             java.util.concurrent.locks.AbstractOwnableSynchronizer::setExclusiveOwnerThread (6 bytes)
Event: 3.558 Thread 0x01c8d400 nmethod 195 0x020e4bc8 code [0x020e4cc0, 0x020e4d50]
Event: 3.559 Thread 0x01c8d400  196             java.awt.Component::getParent_NoClientCode (5 bytes)
Event: 3.559 Thread 0x01c8d400 nmethod 196 0x020e4d88 code [0x020e4e80, 0x020e4f00]
Event: 3.710 Thread 0x01c8d400  197             java.util.Properties$LineReader::readLine (468 bytes)
Event: 3.714 Thread 0x01c8d400 nmethod 197 0x020e4f48 code [0x020e50d0, 0x020e58ec]
Event: 3.714 Thread 0x01c8d400  198             java.util.Properties::loadConvert (505 bytes)
Event: 3.716 Thread 0x01c8d400 nmethod 198 0x020e6008 code [0x020e6150, 0x020e6578]
Event: 3.726 Thread 0x01c8d400  199             sun.nio.cs.UTF_8$Encoder::encode (359 bytes)
Event: 3.728 Thread 0x01c8d400 nmethod 199 0x020e6a88 code [0x020e6bd0, 0x020e7018]

GC Heap History (2 events):
Event: 0.579 GC heap before
{Heap before GC invocations=0 (full 0):
 def new generation   total 4928K, used 4416K [0x04000000, 0x04550000, 0x09550000)
  eden space 4416K, 100% used [0x04000000, 0x04450000, 0x04450000)
  from space 512K,   0% used [0x04450000, 0x04450000, 0x044d0000)
  to   space 512K,   0% used [0x044d0000, 0x044d0000, 0x04550000)
 tenured generation   total 10944K, used 0K [0x09550000, 0x0a000000, 0x14000000)
   the space 10944K,   0% used [0x09550000, 0x09550000, 0x09550200, 0x0a000000)
 Metaspace       used 7034K, capacity 7216K, committed 7296K, reserved 7552K
Event: 0.588 GC heap after
Heap after GC invocations=1 (full 0):
 def new generation   total 4928K, used 512K [0x04000000, 0x04550000, 0x09550000)
  eden space 4416K,   0% used [0x04000000, 0x04000000, 0x04450000)
  from space 512K, 100% used [0x044d0000, 0x04550000, 0x04550000)
  to   space 512K,   0% used [0x04450000, 0x04450000, 0x044d0000)
 tenured generation   total 10944K, used 1250K [0x09550000, 0x0a000000, 0x14000000)
   the space 10944K,  11% used [0x09550000, 0x09688920, 0x09688a00, 0x0a000000)
 Metaspace       used 7034K, capacity 7216K, committed 7296K, reserved 7552K
}

Deoptimization events (0 events):
No events

Internal exceptions (10 events):
Event: 0.326 Thread 0x0136bc00 Exception <a 'java/lang/ClassNotFoundException': ToggleButton> (0x042af7f0) thrown at [C:\workspace\8-2-build-windows-i586-cygwin\jdk8u144\9417\hotspot\src\share\vm\classfile\systemDictionary.cpp, line 210]
Event: 0.326 Thread 0x0136bc00 Exception <a 'java/lang/ClassNotFoundException': javax/swing/JToolBarSeparator> (0x042afbf8) thrown at [C:\workspace\8-2-build-windows-i586-cygwin\jdk8u144\9417\hotspot\src\share\vm\classfile\systemDictionary.cpp, line 210]
Event: 0.326 Thread 0x0136bc00 Exception <a 'java/lang/ClassNotFoundException': ToolBarSeparator> (0x042b0050) thrown at [C:\workspace\8-2-build-windows-i586-cygwin\jdk8u144\9417\hotspot\src\share\vm\classfile\systemDictionary.cpp, line 210]
Event: 0.327 Thread 0x0136bc00 Exception <a 'java/lang/ClassNotFoundException': ToolTip> (0x042b06f8) thrown at [C:\workspace\8-2-build-windows-i586-cygwin\jdk8u144\9417\hotspot\src\share\vm\classfile\systemDictionary.cpp, line 210]
Event: 0.328 Thread 0x0136bc00 Exception <a 'java/lang/ClassNotFoundException': Tree> (0x042b11e0) thrown at [C:\workspace\8-2-build-windows-i586-cygwin\jdk8u144\9417\hotspot\src\share\vm\classfile\systemDictionary.cpp, line 210]
Event: 0.328 Thread 0x0136bc00 Exception <a 'java/lang/ClassNotFoundException': Tree> (0x042b1880) thrown at [C:\workspace\8-2-build-windows-i586-cygwin\jdk8u144\9417\hotspot\src\share\vm\classfile\systemDictionary.cpp, line 210]
Event: 0.328 Thread 0x0136bc00 Exception <a 'java/lang/ClassNotFoundException': javax/swing/JTreeCell> (0x042b1bb8) thrown at [C:\workspace\8-2-build-windows-i586-cygwin\jdk8u144\9417\hotspot\src\share\vm\classfile\systemDictionary.cpp, line 210]
Event: 0.328 Thread 0x0136bc00 Exception <a 'java/lang/ClassNotFoundException': TreeCell> (0x042b2000) thrown at [C:\workspace\8-2-build-windows-i586-cygwin\jdk8u144\9417\hotspot\src\share\vm\classfile\systemDictionary.cpp, line 210]
Event: 0.329 Thread 0x0136bc00 Exception <a 'java/lang/ClassNotFoundException': RootPane> (0x042b2978) thrown at [C:\workspace\8-2-build-windows-i586-cygwin\jdk8u144\9417\hotspot\src\share\vm\classfile\systemDictionary.cpp, line 210]
Event: 3.723 Thread 0x01e27000 Exception <a 'java/lang/UnsatisfiedLinkError': ca.beq.util.win32.registry.RegistryKey.testInitialized()V> (0x041c1a00) thrown at [C:\workspace\8-2-build-windows-i586-cygwin\jdk8u144\9417\hotspot\src\share\vm\prims\nativeLookup.cpp, line 378]

Events (10 events):
Event: 3.721 loading class ca/beq/util/win32/registry/RegistryException
Event: 3.721 loading class ca/beq/util/win32/registry/RegistryException done
Event: 3.722 loading class ca/beq/util/win32/registry/RootKey
Event: 3.722 loading class ca/beq/util/win32/registry/RootKey done
Event: 3.723 loading class java/lang/ClassLoaderHelper
Event: 3.724 loading class java/lang/ClassLoaderHelper done
Event: 3.726 loading class ca/beq/util/win32/registry/RegistryValue
Event: 3.726 loading class ca/beq/util/win32/registry/RegistryValue done
Event: 3.729 loading class ca/beq/util/win32/registry/ValueType
Event: 3.729 loading class ca/beq/util/win32/registry/ValueType done


Dynamic libraries:
0x00190000 - 0x001c3000 	C:\Program Files\Java\jdk1.8.0_144\bin\java.exe
0x77c90000 - 0x77dcc000 	C:\Windows\SYSTEM32\ntdll.dll
0x76a40000 - 0x76b14000 	C:\Windows\system32\kernel32.dll
0x75f80000 - 0x75fca000 	C:\Windows\system32\KERNELBASE.dll
0x76c00000 - 0x76ca0000 	C:\Windows\system32\ADVAPI32.dll
0x76380000 - 0x7642c000 	C:\Windows\system32\msvcrt.dll
0x77ea0000 - 0x77eb9000 	C:\Windows\SYSTEM32\sechost.dll
0x76ca0000 - 0x76d41000 	C:\Windows\system32\RPCRT4.dll
0x768e0000 - 0x769a9000 	C:\Windows\system32\USER32.dll
0x77de0000 - 0x77e2e000 	C:\Windows\system32\GDI32.dll
0x76020000 - 0x7602a000 	C:\Windows\system32\LPK.dll
0x762e0000 - 0x7637d000 	C:\Windows\system32\USP10.dll
0x74cb0000 - 0x74e4e000 	C:\Windows\WinSxS\x86_microsoft.windows.common-controls_6595b64144ccf1df_6.0.7600.16385_none_421189da2b7fabfc\COMCTL32.dll
0x77e40000 - 0x77e97000 	C:\Windows\system32\SHLWAPI.dll
0x76be0000 - 0x76bff000 	C:\Windows\system32\IMM32.DLL
0x76200000 - 0x762cc000 	C:\Windows\system32\MSCTF.dll
0x5e3b0000 - 0x5e46f000 	C:\Program Files\Java\jdk1.8.0_144\jre\bin\msvcr100.dll
0x5c670000 - 0x5ca3e000 	C:\Program Files\Java\jdk1.8.0_144\jre\bin\client\jvm.dll
0x6feb0000 - 0x6feb7000 	C:\Windows\system32\WSOCK32.dll
0x76b20000 - 0x76b55000 	C:\Windows\system32\WS2_32.dll
0x762d0000 - 0x762d6000 	C:\Windows\system32\NSI.dll
0x70800000 - 0x70832000 	C:\Windows\system32\WINMM.dll
0x75220000 - 0x75229000 	C:\Windows\system32\VERSION.dll
0x77dd0000 - 0x77dd5000 	C:\Windows\system32\PSAPI.DLL
0x74290000 - 0x7429c000 	C:\Program Files\Java\jdk1.8.0_144\jre\bin\verify.dll
0x6a920000 - 0x6a941000 	C:\Program Files\Java\jdk1.8.0_144\jre\bin\java.dll
0x6c780000 - 0x6c793000 	C:\Program Files\Java\jdk1.8.0_144\jre\bin\zip.dll
0x76d50000 - 0x77a5c000 	C:\Windows\system32\SHELL32.dll
0x76430000 - 0x7658c000 	C:\Windows\system32\ole32.dll
0x75d20000 - 0x75d2b000 	C:\Windows\system32\profapi.dll
0x5d1b0000 - 0x5d2f5000 	C:\Program Files\Java\jdk1.8.0_144\jre\bin\awt.dll
0x77a60000 - 0x77aef000 	C:\Windows\system32\OLEAUT32.dll
0x74a10000 - 0x74a50000 	C:\Windows\system32\uxtheme.dll
0x5bda0000 - 0x5bdf7000 	C:\Program Files\Bandicam\bdcam.dll
0x74720000 - 0x74733000 	C:\Windows\system32\dwmapi.dll
0x75c70000 - 0x75c7c000 	C:\Windows\system32\CRYPTBASE.dll
0x5ea30000 - 0x5ea69000 	C:\Program Files\Java\jdk1.8.0_144\jre\bin\fontmanager.dll
0x64f70000 - 0x65038000 	C:\Windows\system32\opengl32.dll
0x68320000 - 0x68342000 	C:\Windows\system32\GLU32.dll
0x5e250000 - 0x5e337000 	C:\Windows\system32\DDRAW.dll
0x6dd10000 - 0x6dd16000 	C:\Windows\system32\DCIMAN32.dll
0x77af0000 - 0x77c8d000 	C:\Windows\system32\SETUPAPI.dll
0x75da0000 - 0x75dc7000 	C:\Windows\system32\CFGMGR32.dll
0x76000000 - 0x76012000 	C:\Windows\system32\DEVOBJ.dll
0x769b0000 - 0x76a33000 	C:\Windows\system32\CLBCatQ.DLL
0x74350000 - 0x7444b000 	C:\Windows\system32\WindowsCodecs.dll
0x75c20000 - 0x75c6b000 	C:\Windows\system32\apphelp.dll
0x6f850000 - 0x6f857000 	C:\Program Files\Internet Download Manager\IDMShellExt.dll
0x6f7d0000 - 0x6f801000 	C:\Windows\system32\EhStorShell.dll
0x74a90000 - 0x74b85000 	C:\Windows\system32\PROPSYS.dll
0x704f0000 - 0x7055a000 	C:\Windows\System32\cscui.dll
0x70110000 - 0x70119000 	C:\Windows\System32\CSCDLL.dll
0x6f860000 - 0x6f86b000 	C:\Windows\system32\CSCAPI.dll
0x700a0000 - 0x7010f000 	C:\Windows\system32\ntshrui.dll
0x75990000 - 0x759a9000 	C:\Windows\system32\srvcli.dll
0x744d0000 - 0x744da000 	C:\Windows\system32\slc.dll
0x68350000 - 0x68366000 	C:\Program Files\Java\jdk1.8.0_144\jre\bin\net.dll
0x75760000 - 0x7579c000 	C:\Windows\system32\mswsock.dll
0x75750000 - 0x75756000 	C:\Windows\System32\wship6.dll
0x73f90000 - 0x73f9f000 	C:\Program Files\Java\jdk1.8.0_144\jre\bin\nio.dll
0x5e8d0000 - 0x5e902000 	C:\Program Files\Java\jdk1.8.0_144\jre\bin\t2k.dll
0x60b70000 - 0x60d33000 	C:\Windows\system32\d3d9.dll
0x60b60000 - 0x60b66000 	C:\Windows\system32\d3d8thk.dll
0x5e940000 - 0x5e964000 	C:\Program Files\Java\jdk1.8.0_144\jre\bin\dcpr.dll
0x01e60000 - 0x01e67000 	C:\Program Files\Internet Download Manager\idmmkb.dll
0x62380000 - 0x6238a000 	C:\Windows\System32\jRegistryKey.dll
0x5f010000 - 0x5f0fb000 	C:\Windows\system32\dbghelp.dll

VM Arguments:
jvm_args: -Dfile.encoding=UTF-8 
java_command: javaapplication9.BackupRestore
java_class_path (initial): C:\Program Files\NetBeans 7.4\ide\modules\ext\mysql-connector-java-5.1.23-bin.jar;C:\Users\NDIAPPINK\Desktop\Program\sqlitejdbc-3.8.7.jar;C:\Users\NDIAPPINK\Documents\NetbeansProjects\SIP\src\SIP-Toko\Library\jRegistryKey.jar;C:\Users\NDIAPPINK\Documents\NetbeansProjects\JavaApplication9\build\classes
Launcher Type: SUN_STANDARD

Environment Variables:
PATH=C:\ProgramData\Oracle\Java\javapath;C:\Windows\system32;C:\Windows;C:\Windows\System32\Wbem;C:\Windows\System32\WindowsPowerShell\v1.0\;C:\Program Files\Microsoft SQL Server\100\Tools\Binn\;C:\Program Files\Microsoft SQL Server\100\DTS\Binn\;C:\AppServ\Apache2.2\bin;C:\AppServ\php5;C:\AppServ\MySQL\bin
USERNAME=NDIAPPINK
OS=Windows_NT
PROCESSOR_IDENTIFIER=x86 Family 6 Model 42 Stepping 7, GenuineIntel



---------------  S Y S T E M  ---------------

OS: Windows 7 Build 7600 (6.1.7600.16385)

CPU:total 2 (initial active 2) (2 cores per cpu, 1 threads per core) family 6 model 42 stepping 7, cmov, cx8, fxsr, mmx, sse, sse2, sse3, ssse3, sse4.1, sse4.2, popcnt, clmul, tsc, tscinvbit

Memory: 4k page, physical 3578600k(962788k free), swap 7155436k(3491740k free)

vm_info: Java HotSpot(TM) Client VM (25.144-b01) for windows-x86 JRE (1.8.0_144-b01), built on Jul 21 2017 21:58:05 by "java_re" with MS VC++ 10.0 (VS2010)

time: Sat Oct 28 11:02:07 2017
elapsed time: 3 seconds (0d 0h 0m 3s)

