#
# A fatal error has been detected by the Java Runtime Environment:
#
#  EXCEPTION_ACCESS_VIOLATION (0xc0000005) at pc=0x77ce205b, pid=2788, tid=0x0000168c
#
# JRE version: Java(TM) SE Runtime Environment (8.0_144-b01) (build 1.8.0_144-b01)
# Java VM: Java HotSpot(TM) Client VM (25.144-b01 mixed mode windows-x86 )
# Problematic frame:
# C  [ntdll.dll+0x5205b]
#
# Failed to write core dump. Minidumps are not enabled by default on client versions of Windows
#
# If you would like to submit a bug report, please visit:
#   http://bugreport.java.com/bugreport/crash.jsp
# The crash happened outside the Java Virtual Machine in native code.
# See problematic frame for where to report the bug.
#

---------------  T H R E A D  ---------------

Current thread (0x01dcf800):  JavaThread "AWT-EventQueue-0" [_thread_in_native, id=5772, stack(0x15100000,0x15150000)]

siginfo: ExceptionCode=0xc0000005, writing address 0x00000000

Registers:
EAX=0x00000000, EBX=0xc1920001, ECX=0x0000029b, EDX=0x00000000
ESP=0x1514e330, EBP=0x1514e364, ESI=0x14c73c10, EDI=0xc1920000
EIP=0x77ce205b, EFLAGS=0x00010202

Top of Stack: (sp=0x1514e330)
0x1514e330:   00000000 001c0000 14d60c98 00000010
0x1514e340:   00000000 00000000 00000000 00000000
0x1514e350:   00000414 1514e3b8 00000000 00000001
0x1514e360:   14d60c90 1514e37c 77ce1faf 14d60c98
0x1514e370:   00000000 14d60c98 14d60c90 1514e3c8
0x1514e380:   763898cd 001c0000 00000000 14d60c98
0x1514e390:   e15ea7d2 00000000 01dcf940 14d60c98
0x1514e3a0:   1514e370 04000d98 1514eb78 76ae9332 

Instructions: (pc=0x77ce205b)
0x77ce203b:   08 2b 7d f4 33 c0 c1 ef 03 0f a4 f8 10 c1 e7 10
0x77ce204b:   c1 ea 10 0b df 0b c8 8b 06 c7 45 f8 01 00 00 00
0x77ce205b:   89 30 8b 45 e0 8b 55 e4 8d 7e 08 f0 0f c7 0f 3b
0x77ce206b:   45 e0 0f 85 fc 0f fd ff 3b 55 e4 0f 85 f3 0f fd 


Register to memory mapping:

EAX=0x00000000 is an unknown value
EBX=0xc1920001 is an unknown value
ECX=0x0000029b is an unknown value
EDX=0x00000000 is an unknown value
ESP=0x1514e330 is pointing into the stack for thread: 0x01dcf800
EBP=0x1514e364 is pointing into the stack for thread: 0x01dcf800
ESI=0x14c73c10 is an unknown value
EDI=0xc1920000 is an unknown value


Stack: [0x15100000,0x15150000],  sp=0x1514e330,  free space=312k
Native frames: (J=compiled Java code, j=interpreted, Vv=VM code, C=native code)
C  [ntdll.dll+0x5205b]
C  [ntdll.dll+0x51faf]
C  [msvcrt.dll+0x98cd]
C  [jRegistryKey.dll+0x2fa0]
j  ca.beq.util.win32.registry.RegistryKey.setValue(Lca/beq/util/win32/registry/RegistryValue;)V+0
j  javaapplication9.BackupRestore.jButton3ActionPerformed(Ljava/awt/event/ActionEvent;)V+41
j  javaapplication9.BackupRestore.access$000(Ljavaapplication9/BackupRestore;Ljava/awt/event/ActionEvent;)V+2
j  javaapplication9.BackupRestore$1.actionPerformed(Ljava/awt/event/ActionEvent;)V+5
j  javax.swing.AbstractButton.fireActionPerformed(Ljava/awt/event/ActionEvent;)V+83
j  javax.swing.AbstractButton$Handler.actionPerformed(Ljava/awt/event/ActionEvent;)V+5
j  javax.swing.DefaultButtonModel.fireActionPerformed(Ljava/awt/event/ActionEvent;)V+34
j  javax.swing.DefaultButtonModel.setPressed(Z)V+117
j  javax.swing.plaf.basic.BasicButtonListener.mouseReleased(Ljava/awt/event/MouseEvent;)V+35
j  java.awt.Component.processMouseEvent(Ljava/awt/event/MouseEvent;)V+64
j  javax.swing.JComponent.processMouseEvent(Ljava/awt/event/MouseEvent;)V+23
j  java.awt.Component.processEvent(Ljava/awt/AWTEvent;)V+81
j  java.awt.Container.processEvent(Ljava/awt/AWTEvent;)V+18
j  java.awt.Component.dispatchEventImpl(Ljava/awt/AWTEvent;)V+589
j  java.awt.Container.dispatchEventImpl(Ljava/awt/AWTEvent;)V+42
j  java.awt.Component.dispatchEvent(Ljava/awt/AWTEvent;)V+2
j  java.awt.LightweightDispatcher.retargetMouseEvent(Ljava/awt/Component;ILjava/awt/event/MouseEvent;)V+327
j  java.awt.LightweightDispatcher.processMouseEvent(Ljava/awt/event/MouseEvent;)Z+155
j  java.awt.LightweightDispatcher.dispatchEvent(Ljava/awt/AWTEvent;)Z+50
j  java.awt.Container.dispatchEventImpl(Ljava/awt/AWTEvent;)V+12
j  java.awt.Window.dispatchEventImpl(Ljava/awt/AWTEvent;)V+19
j  java.awt.Component.dispatchEvent(Ljava/awt/AWTEvent;)V+2
j  java.awt.EventQueue.dispatchEventImpl(Ljava/awt/AWTEvent;Ljava/lang/Object;)V+41
j  java.awt.EventQueue.access$500(Ljava/awt/EventQueue;Ljava/awt/AWTEvent;Ljava/lang/Object;)V+3
j  java.awt.EventQueue$3.run()Ljava/lang/Void;+32
j  java.awt.EventQueue$3.run()Ljava/lang/Object;+1
v  ~StubRoutines::call_stub
V  [jvm.dll+0x15af45]
V  [jvm.dll+0x2213ae]
V  [jvm.dll+0x15afde]
V  [jvm.dll+0x10b2cf]
C  [java.dll+0x102f]
j  java.security.ProtectionDomain$JavaSecurityAccessImpl.doIntersectionPrivilege(Ljava/security/PrivilegedAction;Ljava/security/AccessControlContext;Ljava/security/AccessControlContext;)Ljava/lang/Object;+18
j  java.security.ProtectionDomain$JavaSecurityAccessImpl.doIntersectionPrivilege(Ljava/security/PrivilegedAction;Ljava/security/AccessControlContext;)Ljava/lang/Object;+6
j  java.awt.EventQueue$4.run()Ljava/lang/Void;+11
j  java.awt.EventQueue$4.run()Ljava/lang/Object;+1
v  ~StubRoutines::call_stub
V  [jvm.dll+0x15af45]
V  [jvm.dll+0x2213ae]
V  [jvm.dll+0x15afde]
V  [jvm.dll+0x10b2cf]
C  [java.dll+0x102f]
j  java.security.ProtectionDomain$JavaSecurityAccessImpl.doIntersectionPrivilege(Ljava/security/PrivilegedAction;Ljava/security/AccessControlContext;Ljava/security/AccessControlContext;)Ljava/lang/Object;+18
j  java.awt.EventQueue.dispatchEvent(Ljava/awt/AWTEvent;)V+73
j  java.awt.EventDispatchThread.pumpOneEventForFilters(I)V+245
j  java.awt.EventDispatchThread.pumpEventsForFilter(ILjava/awt/Conditional;Ljava/awt/EventFilter;)V+35
j  java.awt.EventDispatchThread.pumpEventsForHierarchy(ILjava/awt/Conditional;Ljava/awt/Component;)V+11
j  java.awt.EventDispatchThread.pumpEvents(ILjava/awt/Conditional;)V+4
j  java.awt.EventDispatchThread.pumpEvents(Ljava/awt/Conditional;)V+3
j  java.awt.EventDispatchThread.run()V+9
v  ~StubRoutines::call_stub
V  [jvm.dll+0x15af45]
V  [jvm.dll+0x2213ae]
V  [jvm.dll+0x15afde]
V  [jvm.dll+0x15b166]
V  [jvm.dll+0x15b1d7]
V  [jvm.dll+0xff36f]
V  [jvm.dll+0x17dc30]
V  [jvm.dll+0x17e4aa]
V  [jvm.dll+0x1c2ec6]
C  [msvcr100.dll+0x5c556]
C  [msvcr100.dll+0x5c600]
C  [kernel32.dll+0x51174]
C  [ntdll.dll+0x5b3f5]
C  [ntdll.dll+0x5b3c8]
C  0x00000000

Java frames: (J=compiled Java code, j=interpreted, Vv=VM code)
j  ca.beq.util.win32.registry.RegistryKey.setValue(Lca/beq/util/win32/registry/RegistryValue;)V+0
j  javaapplication9.BackupRestore.jButton3ActionPerformed(Ljava/awt/event/ActionEvent;)V+41
j  javaapplication9.BackupRestore.access$000(Ljavaapplication9/BackupRestore;Ljava/awt/event/ActionEvent;)V+2
j  javaapplication9.BackupRestore$1.actionPerformed(Ljava/awt/event/ActionEvent;)V+5
j  javax.swing.AbstractButton.fireActionPerformed(Ljava/awt/event/ActionEvent;)V+83
j  javax.swing.AbstractButton$Handler.actionPerformed(Ljava/awt/event/ActionEvent;)V+5
j  javax.swing.DefaultButtonModel.fireActionPerformed(Ljava/awt/event/ActionEvent;)V+34
j  javax.swing.DefaultButtonModel.setPressed(Z)V+117
j  javax.swing.plaf.basic.BasicButtonListener.mouseReleased(Ljava/awt/event/MouseEvent;)V+35
j  java.awt.Component.processMouseEvent(Ljava/awt/event/MouseEvent;)V+64
j  javax.swing.JComponent.processMouseEvent(Ljava/awt/event/MouseEvent;)V+23
j  java.awt.Component.processEvent(Ljava/awt/AWTEvent;)V+81
j  java.awt.Container.processEvent(Ljava/awt/AWTEvent;)V+18
j  java.awt.Component.dispatchEventImpl(Ljava/awt/AWTEvent;)V+589
j  java.awt.Container.dispatchEventImpl(Ljava/awt/AWTEvent;)V+42
j  java.awt.Component.dispatchEvent(Ljava/awt/AWTEvent;)V+2
j  java.awt.LightweightDispatcher.retargetMouseEvent(Ljava/awt/Component;ILjava/awt/event/MouseEvent;)V+327
j  java.awt.LightweightDispatcher.processMouseEvent(Ljava/awt/event/MouseEvent;)Z+155
j  java.awt.LightweightDispatcher.dispatchEvent(Ljava/awt/AWTEvent;)Z+50
j  java.awt.Container.dispatchEventImpl(Ljava/awt/AWTEvent;)V+12
j  java.awt.Window.dispatchEventImpl(Ljava/awt/AWTEvent;)V+19
j  java.awt.Component.dispatchEvent(Ljava/awt/AWTEvent;)V+2
j  java.awt.EventQueue.dispatchEventImpl(Ljava/awt/AWTEvent;Ljava/lang/Object;)V+41
j  java.awt.EventQueue.access$500(Ljava/awt/EventQueue;Ljava/awt/AWTEvent;Ljava/lang/Object;)V+3
j  java.awt.EventQueue$3.run()Ljava/lang/Void;+32
j  java.awt.EventQueue$3.run()Ljava/lang/Object;+1
v  ~StubRoutines::call_stub
j  java.security.AccessController.doPrivileged(Ljava/security/PrivilegedAction;Ljava/security/AccessControlContext;)Ljava/lang/Object;+0
j  java.security.ProtectionDomain$JavaSecurityAccessImpl.doIntersectionPrivilege(Ljava/security/PrivilegedAction;Ljava/security/AccessControlContext;Ljava/security/AccessControlContext;)Ljava/lang/Object;+18
j  java.security.ProtectionDomain$JavaSecurityAccessImpl.doIntersectionPrivilege(Ljava/security/PrivilegedAction;Ljava/security/AccessControlContext;)Ljava/lang/Object;+6
j  java.awt.EventQueue$4.run()Ljava/lang/Void;+11
j  java.awt.EventQueue$4.run()Ljava/lang/Object;+1
v  ~StubRoutines::call_stub
j  java.security.AccessController.doPrivileged(Ljava/security/PrivilegedAction;Ljava/security/AccessControlContext;)Ljava/lang/Object;+0
j  java.security.ProtectionDomain$JavaSecurityAccessImpl.doIntersectionPrivilege(Ljava/security/PrivilegedAction;Ljava/security/AccessControlContext;Ljava/security/AccessControlContext;)Ljava/lang/Object;+18
j  java.awt.EventQueue.dispatchEvent(Ljava/awt/AWTEvent;)V+73
j  java.awt.EventDispatchThread.pumpOneEventForFilters(I)V+245
j  java.awt.EventDispatchThread.pumpEventsForFilter(ILjava/awt/Conditional;Ljava/awt/EventFilter;)V+35
j  java.awt.EventDispatchThread.pumpEventsForHierarchy(ILjava/awt/Conditional;Ljava/awt/Component;)V+11
j  java.awt.EventDispatchThread.pumpEvents(ILjava/awt/Conditional;)V+4
j  java.awt.EventDispatchThread.pumpEvents(Ljava/awt/Conditional;)V+3
j  java.awt.EventDispatchThread.run()V+9
v  ~StubRoutines::call_stub

---------------  P R O C E S S  ---------------

Java Threads: ( => current thread )
  0x14ca2800 JavaThread "TimerQueue" daemon [_thread_blocked, id=5184, stack(0x157b0000,0x15800000)]
  0x001fbc00 JavaThread "DestroyJavaVM" [_thread_blocked, id=6244, stack(0x01310000,0x01360000)]
=>0x01dcf800 JavaThread "AWT-EventQueue-0" [_thread_in_native, id=5772, stack(0x15100000,0x15150000)]
  0x01da3000 JavaThread "AWT-Windows" daemon [_thread_in_native, id=6988, stack(0x144a0000,0x144f0000)]
  0x01d9c400 JavaThread "AWT-Shutdown" [_thread_blocked, id=6808, stack(0x14500000,0x14550000)]
  0x01d99c00 JavaThread "Java2D Disposer" daemon [_thread_blocked, id=4164, stack(0x143d0000,0x14420000)]
  0x01c4e000 JavaThread "Service Thread" daemon [_thread_blocked, id=5872, stack(0x14210000,0x14260000)]
  0x01c2d400 JavaThread "C1 CompilerThread0" daemon [_thread_blocked, id=780, stack(0x14350000,0x143a0000)]
  0x01c2c000 JavaThread "Attach Listener" daemon [_thread_blocked, id=7888, stack(0x141c0000,0x14210000)]
  0x01c29000 JavaThread "Signal Dispatcher" daemon [_thread_blocked, id=560, stack(0x14130000,0x14180000)]
  0x01c08c00 JavaThread "Finalizer" daemon [_thread_blocked, id=1316, stack(0x14090000,0x140e0000)]
  0x01be2400 JavaThread "Reference Handler" daemon [_thread_blocked, id=2316, stack(0x14040000,0x14090000)]

Other Threads:
  0x01bdc800 VMThread [stack: 0x01e80000,0x01ed0000] [id=4796]
  0x01c24400 WatcherThread [stack: 0x14450000,0x144a0000] [id=7020]

VM state:not at safepoint (normal execution)

VM Mutex/Monitor currently owned by a thread: None

Heap:
 def new generation   total 4928K, used 673K [0x04000000, 0x04550000, 0x09550000)
  eden space 4416K,   9% used [0x04000000, 0x0406a900, 0x04450000)
  from space 512K,  48% used [0x044d0000, 0x0450de10, 0x04550000)
  to   space 512K,   0% used [0x04450000, 0x04450000, 0x044d0000)
 tenured generation   total 10944K, used 2030K [0x09550000, 0x0a000000, 0x14000000)
   the space 10944K,  18% used [0x09550000, 0x0974bbe0, 0x0974bc00, 0x0a000000)
 Metaspace       used 7608K, capacity 7773K, committed 7936K, reserved 8576K

Card table byte_map: [0x016e0000,0x01770000] byte_map_base: 0x016c0000

Polling page: 0x001b0000

CodeCache: size=32768Kb used=1191Kb max_used=1191Kb free=31576Kb
 bounds [0x02000000, 0x02130000, 0x04000000]
 total_blobs=626 nmethods=397 adapters=160
 compilation: enabled

Compilation events (10 events):
Event: 27.699 Thread 0x01c2d400  395             java.awt.Component::getBackground (29 bytes)
Event: 27.699 Thread 0x01c2d400 nmethod 395 0x021295c8 code [0x021296d0, 0x0212979c]
Event: 27.700 Thread 0x01c2d400  396             java.awt.Color::getRed (12 bytes)
Event: 27.700 Thread 0x01c2d400 nmethod 396 0x02129808 code [0x02129910, 0x021299ac]
Event: 27.700 Thread 0x01c2d400  397             java.awt.Color::getGreen (12 bytes)
Event: 27.700 Thread 0x01c2d400 nmethod 397 0x02129a08 code [0x02129b10, 0x02129bac]
Event: 27.700 Thread 0x01c2d400  398             java.awt.Color::getBlue (11 bytes)
Event: 27.700 Thread 0x01c2d400 nmethod 398 0x02129c08 code [0x02129d10, 0x02129dac]
Event: 27.852 Thread 0x01c2d400  399             java.awt.Component::getInputContext (16 bytes)
Event: 27.853 Thread 0x01c2d400 nmethod 399 0x02129e08 code [0x02129f10, 0x02129fbc]

GC Heap History (6 events):
Event: 0.552 GC heap before
{Heap before GC invocations=0 (full 0):
 def new generation   total 4928K, used 4416K [0x04000000, 0x04550000, 0x09550000)
  eden space 4416K, 100% used [0x04000000, 0x04450000, 0x04450000)
  from space 512K,   0% used [0x04450000, 0x04450000, 0x044d0000)
  to   space 512K,   0% used [0x044d0000, 0x044d0000, 0x04550000)
 tenured generation   total 10944K, used 0K [0x09550000, 0x0a000000, 0x14000000)
   the space 10944K,   0% used [0x09550000, 0x09550000, 0x09550200, 0x0a000000)
 Metaspace       used 7113K, capacity 7312K, committed 7424K, reserved 7552K
Event: 0.561 GC heap after
Heap after GC invocations=1 (full 0):
 def new generation   total 4928K, used 512K [0x04000000, 0x04550000, 0x09550000)
  eden space 4416K,   0% used [0x04000000, 0x04000000, 0x04450000)
  from space 512K, 100% used [0x044d0000, 0x04550000, 0x04550000)
  to   space 512K,   0% used [0x04450000, 0x04450000, 0x044d0000)
 tenured generation   total 10944K, used 1219K [0x09550000, 0x0a000000, 0x14000000)
   the space 10944K,  11% used [0x09550000, 0x09680c58, 0x09680e00, 0x0a000000)
 Metaspace       used 7113K, capacity 7312K, committed 7424K, reserved 7552K
}
Event: 13.680 GC heap before
{Heap before GC invocations=1 (full 0):
 def new generation   total 4928K, used 4928K [0x04000000, 0x04550000, 0x09550000)
  eden space 4416K, 100% used [0x04000000, 0x04450000, 0x04450000)
  from space 512K, 100% used [0x044d0000, 0x04550000, 0x04550000)
  to   space 512K,   0% used [0x04450000, 0x04450000, 0x044d0000)
 tenured generation   total 10944K, used 1219K [0x09550000, 0x0a000000, 0x14000000)
   the space 10944K,  11% used [0x09550000, 0x09680c58, 0x09680e00, 0x0a000000)
 Metaspace       used 7594K, capacity 7773K, committed 7936K, reserved 8576K
Event: 13.690 GC heap after
Heap after GC invocations=2 (full 0):
 def new generation   total 4928K, used 329K [0x04000000, 0x04550000, 0x09550000)
  eden space 4416K,   0% used [0x04000000, 0x04000000, 0x04450000)
  from space 512K,  64% used [0x04450000, 0x044a27f0, 0x044d0000)
  to   space 512K,   0% used [0x044d0000, 0x044d0000, 0x04550000)
 tenured generation   total 10944K, used 1726K [0x09550000, 0x0a000000, 0x14000000)
   the space 10944K,  15% used [0x09550000, 0x096ffa10, 0x096ffc00, 0x0a000000)
 Metaspace       used 7594K, capacity 7773K, committed 7936K, reserved 8576K
}
Event: 26.821 GC heap before
{Heap before GC invocations=2 (full 0):
 def new generation   total 4928K, used 4745K [0x04000000, 0x04550000, 0x09550000)
  eden space 4416K, 100% used [0x04000000, 0x04450000, 0x04450000)
  from space 512K,  64% used [0x04450000, 0x044a27f0, 0x044d0000)
  to   space 512K,   0% used [0x044d0000, 0x044d0000, 0x04550000)
 tenured generation   total 10944K, used 1726K [0x09550000, 0x0a000000, 0x14000000)
   the space 10944K,  15% used [0x09550000, 0x096ffa10, 0x096ffc00, 0x0a000000)
 Metaspace       used 7606K, capacity 7773K, committed 7936K, reserved 8576K
Event: 26.827 GC heap after
Heap after GC invocations=3 (full 0):
 def new generation   total 4928K, used 247K [0x04000000, 0x04550000, 0x09550000)
  eden space 4416K,   0% used [0x04000000, 0x04000000, 0x04450000)
  from space 512K,  48% used [0x044d0000, 0x0450de10, 0x04550000)
  to   space 512K,   0% used [0x04450000, 0x04450000, 0x044d0000)
 tenured generation   total 10944K, used 2030K [0x09550000, 0x0a000000, 0x14000000)
   the space 10944K,  18% used [0x09550000, 0x0974bbe0, 0x0974bc00, 0x0a000000)
 Metaspace       used 7606K, capacity 7773K, committed 7936K, reserved 8576K
}

Deoptimization events (0 events):
No events

Internal exceptions (10 events):
Event: 0.336 Thread 0x001fbc00 Exception <a 'java/lang/ClassNotFoundException': ToggleButton> (0x042c46e8) thrown at [C:\workspace\8-2-build-windows-i586-cygwin\jdk8u144\9417\hotspot\src\share\vm\classfile\systemDictionary.cpp, line 210]
Event: 0.336 Thread 0x001fbc00 Exception <a 'java/lang/ClassNotFoundException': javax/swing/JToolBarSeparator> (0x042c4af0) thrown at [C:\workspace\8-2-build-windows-i586-cygwin\jdk8u144\9417\hotspot\src\share\vm\classfile\systemDictionary.cpp, line 210]
Event: 0.336 Thread 0x001fbc00 Exception <a 'java/lang/ClassNotFoundException': ToolBarSeparator> (0x042c4f48) thrown at [C:\workspace\8-2-build-windows-i586-cygwin\jdk8u144\9417\hotspot\src\share\vm\classfile\systemDictionary.cpp, line 210]
Event: 0.336 Thread 0x001fbc00 Exception <a 'java/lang/ClassNotFoundException': ToolTip> (0x042c55f0) thrown at [C:\workspace\8-2-build-windows-i586-cygwin\jdk8u144\9417\hotspot\src\share\vm\classfile\systemDictionary.cpp, line 210]
Event: 0.338 Thread 0x001fbc00 Exception <a 'java/lang/ClassNotFoundException': Tree> (0x042c60d8) thrown at [C:\workspace\8-2-build-windows-i586-cygwin\jdk8u144\9417\hotspot\src\share\vm\classfile\systemDictionary.cpp, line 210]
Event: 0.338 Thread 0x001fbc00 Exception <a 'java/lang/ClassNotFoundException': Tree> (0x042c6778) thrown at [C:\workspace\8-2-build-windows-i586-cygwin\jdk8u144\9417\hotspot\src\share\vm\classfile\systemDictionary.cpp, line 210]
Event: 0.338 Thread 0x001fbc00 Exception <a 'java/lang/ClassNotFoundException': javax/swing/JTreeCell> (0x042c6ab0) thrown at [C:\workspace\8-2-build-windows-i586-cygwin\jdk8u144\9417\hotspot\src\share\vm\classfile\systemDictionary.cpp, line 210]
Event: 0.338 Thread 0x001fbc00 Exception <a 'java/lang/ClassNotFoundException': TreeCell> (0x042c6ef8) thrown at [C:\workspace\8-2-build-windows-i586-cygwin\jdk8u144\9417\hotspot\src\share\vm\classfile\systemDictionary.cpp, line 210]
Event: 0.338 Thread 0x001fbc00 Exception <a 'java/lang/ClassNotFoundException': RootPane> (0x042c77d8) thrown at [C:\workspace\8-2-build-windows-i586-cygwin\jdk8u144\9417\hotspot\src\share\vm\classfile\systemDictionary.cpp, line 210]
Event: 9.779 Thread 0x01dcf800 Exception <a 'java/lang/UnsatisfiedLinkError': ca.beq.util.win32.registry.RegistryKey.testInitialized()V> (0x042ad040) thrown at [C:\workspace\8-2-build-windows-i586-cygwin\jdk8u144\9417\hotspot\src\share\vm\prims\nativeLookup.cpp, line 378]

Events (10 events):
Event: 26.842 Executing VM operation: RevokeBias
Event: 26.843 Executing VM operation: RevokeBias done
Event: 26.843 Executing VM operation: RevokeBias
Event: 26.843 Executing VM operation: RevokeBias done
Event: 26.846 Executing VM operation: RevokeBias
Event: 26.847 Executing VM operation: RevokeBias done
Event: 26.847 Executing VM operation: RevokeBias
Event: 26.847 Executing VM operation: RevokeBias done
Event: 26.872 Executing VM operation: BulkRevokeBias
Event: 26.872 Executing VM operation: BulkRevokeBias done


Dynamic libraries:
0x003e0000 - 0x00413000 	C:\Program Files\Java\jdk1.8.0_144\bin\java.exe
0x77c90000 - 0x77dcc000 	C:\Windows\SYSTEM32\ntdll.dll
0x76a40000 - 0x76b14000 	C:\Windows\system32\kernel32.dll
0x75f80000 - 0x75fca000 	C:\Windows\system32\KERNELBASE.dll
0x76c00000 - 0x76ca0000 	C:\Windows\system32\ADVAPI32.dll
0x76380000 - 0x7642c000 	C:\Windows\system32\msvcrt.dll
0x77ea0000 - 0x77eb9000 	C:\Windows\SYSTEM32\sechost.dll
0x76ca0000 - 0x76d41000 	C:\Windows\system32\RPCRT4.dll
0x768e0000 - 0x769a9000 	C:\Windows\system32\USER32.dll
0x77de0000 - 0x77e2e000 	C:\Windows\system32\GDI32.dll
0x76020000 - 0x7602a000 	C:\Windows\system32\LPK.dll
0x762e0000 - 0x7637d000 	C:\Windows\system32\USP10.dll
0x74cb0000 - 0x74e4e000 	C:\Windows\WinSxS\x86_microsoft.windows.common-controls_6595b64144ccf1df_6.0.7600.16385_none_421189da2b7fabfc\COMCTL32.dll
0x77e40000 - 0x77e97000 	C:\Windows\system32\SHLWAPI.dll
0x76be0000 - 0x76bff000 	C:\Windows\system32\IMM32.DLL
0x76200000 - 0x762cc000 	C:\Windows\system32\MSCTF.dll
0x5e3b0000 - 0x5e46f000 	C:\Program Files\Java\jdk1.8.0_144\jre\bin\msvcr100.dll
0x5c670000 - 0x5ca3e000 	C:\Program Files\Java\jdk1.8.0_144\jre\bin\client\jvm.dll
0x6feb0000 - 0x6feb7000 	C:\Windows\system32\WSOCK32.dll
0x76b20000 - 0x76b55000 	C:\Windows\system32\WS2_32.dll
0x762d0000 - 0x762d6000 	C:\Windows\system32\NSI.dll
0x70800000 - 0x70832000 	C:\Windows\system32\WINMM.dll
0x75220000 - 0x75229000 	C:\Windows\system32\VERSION.dll
0x77dd0000 - 0x77dd5000 	C:\Windows\system32\PSAPI.DLL
0x74290000 - 0x7429c000 	C:\Program Files\Java\jdk1.8.0_144\jre\bin\verify.dll
0x6a920000 - 0x6a941000 	C:\Program Files\Java\jdk1.8.0_144\jre\bin\java.dll
0x6c780000 - 0x6c793000 	C:\Program Files\Java\jdk1.8.0_144\jre\bin\zip.dll
0x76d50000 - 0x77a5c000 	C:\Windows\system32\SHELL32.dll
0x76430000 - 0x7658c000 	C:\Windows\system32\ole32.dll
0x75d20000 - 0x75d2b000 	C:\Windows\system32\profapi.dll
0x5d1b0000 - 0x5d2f5000 	C:\Program Files\Java\jdk1.8.0_144\jre\bin\awt.dll
0x77a60000 - 0x77aef000 	C:\Windows\system32\OLEAUT32.dll
0x74a10000 - 0x74a50000 	C:\Windows\system32\uxtheme.dll
0x5bda0000 - 0x5bdf7000 	C:\Program Files\Bandicam\bdcam.dll
0x74720000 - 0x74733000 	C:\Windows\system32\dwmapi.dll
0x75c70000 - 0x75c7c000 	C:\Windows\system32\CRYPTBASE.dll
0x5ea30000 - 0x5ea69000 	C:\Program Files\Java\jdk1.8.0_144\jre\bin\fontmanager.dll
0x64f70000 - 0x65038000 	C:\Windows\system32\opengl32.dll
0x68320000 - 0x68342000 	C:\Windows\system32\GLU32.dll
0x5e250000 - 0x5e337000 	C:\Windows\system32\DDRAW.dll
0x6dd10000 - 0x6dd16000 	C:\Windows\system32\DCIMAN32.dll
0x77af0000 - 0x77c8d000 	C:\Windows\system32\SETUPAPI.dll
0x75da0000 - 0x75dc7000 	C:\Windows\system32\CFGMGR32.dll
0x76000000 - 0x76012000 	C:\Windows\system32\DEVOBJ.dll
0x769b0000 - 0x76a33000 	C:\Windows\system32\CLBCatQ.DLL
0x74350000 - 0x7444b000 	C:\Windows\system32\WindowsCodecs.dll
0x75c20000 - 0x75c6b000 	C:\Windows\system32\apphelp.dll
0x6f850000 - 0x6f857000 	C:\Program Files\Internet Download Manager\IDMShellExt.dll
0x6f7d0000 - 0x6f801000 	C:\Windows\system32\EhStorShell.dll
0x74a90000 - 0x74b85000 	C:\Windows\system32\PROPSYS.dll
0x704f0000 - 0x7055a000 	C:\Windows\System32\cscui.dll
0x70110000 - 0x70119000 	C:\Windows\System32\CSCDLL.dll
0x6f860000 - 0x6f86b000 	C:\Windows\system32\CSCAPI.dll
0x700a0000 - 0x7010f000 	C:\Windows\system32\ntshrui.dll
0x75990000 - 0x759a9000 	C:\Windows\system32\srvcli.dll
0x744d0000 - 0x744da000 	C:\Windows\system32\slc.dll
0x68350000 - 0x68366000 	C:\Program Files\Java\jdk1.8.0_144\jre\bin\net.dll
0x75760000 - 0x7579c000 	C:\Windows\system32\mswsock.dll
0x75750000 - 0x75756000 	C:\Windows\System32\wship6.dll
0x73f90000 - 0x73f9f000 	C:\Program Files\Java\jdk1.8.0_144\jre\bin\nio.dll
0x5e8d0000 - 0x5e902000 	C:\Program Files\Java\jdk1.8.0_144\jre\bin\t2k.dll
0x60b70000 - 0x60d33000 	C:\Windows\system32\d3d9.dll
0x60b60000 - 0x60b66000 	C:\Windows\system32\d3d8thk.dll
0x5e940000 - 0x5e964000 	C:\Program Files\Java\jdk1.8.0_144\jre\bin\dcpr.dll
0x01e30000 - 0x01e37000 	C:\Program Files\Internet Download Manager\idmmkb.dll
0x62380000 - 0x6238a000 	C:\Windows\System32\jRegistryKey.dll
0x5f010000 - 0x5f0fb000 	C:\Windows\system32\dbghelp.dll

VM Arguments:
jvm_args: -Dfile.encoding=UTF-8 
java_command: javaapplication9.BackupRestore
java_class_path (initial): C:\Program Files\NetBeans 7.4\ide\modules\ext\mysql-connector-java-5.1.23-bin.jar;C:\Users\NDIAPPINK\Desktop\Program\sqlitejdbc-3.8.7.jar;C:\Users\NDIAPPINK\Documents\NetbeansProjects\SIP\src\SIP-Toko\Library\jRegistryKey.jar;C:\Users\NDIAPPINK\Documents\NetbeansProjects\JavaApplication9\build\classes
Launcher Type: SUN_STANDARD

Environment Variables:
PATH=C:\ProgramData\Oracle\Java\javapath;C:\Windows\system32;C:\Windows;C:\Windows\System32\Wbem;C:\Windows\System32\WindowsPowerShell\v1.0\;C:\Program Files\Microsoft SQL Server\100\Tools\Binn\;C:\Program Files\Microsoft SQL Server\100\DTS\Binn\;C:\AppServ\Apache2.2\bin;C:\AppServ\php5;C:\AppServ\MySQL\bin
USERNAME=NDIAPPINK
OS=Windows_NT
PROCESSOR_IDENTIFIER=x86 Family 6 Model 42 Stepping 7, GenuineIntel



---------------  S Y S T E M  ---------------

OS: Windows 7 Build 7600 (6.1.7600.16385)

CPU:total 2 (initial active 2) (2 cores per cpu, 1 threads per core) family 6 model 42 stepping 7, cmov, cx8, fxsr, mmx, sse, sse2, sse3, ssse3, sse4.1, sse4.2, popcnt, clmul, tsc, tscinvbit

Memory: 4k page, physical 3578600k(931840k free), swap 7155436k(3455584k free)

vm_info: Java HotSpot(TM) Client VM (25.144-b01) for windows-x86 JRE (1.8.0_144-b01), built on Jul 21 2017 21:58:05 by "java_re" with MS VC++ 10.0 (VS2010)

time: Sat Oct 28 11:32:28 2017
elapsed time: 27 seconds (0d 0h 0m 27s)

